Log file open, 03/21/25 13:30:59
LogWindows: Failed to load 'aqProf.dll' (GetLastError=126)
LogWindows: File 'aqProf.dll' does not exist
LogWindows: Failed to load 'VtuneApi.dll' (GetLastError=126)
LogWindows: File 'VtuneApi.dll' does not exist
LogWindows: Failed to load 'VtuneApi32e.dll' (GetLastError=126)
LogWindows: File 'VtuneApi32e.dll' does not exist
LogConsoleResponse: Display: Failed to find resolution value strings in scalability ini. Falling back to default.
LogConsoleResponse: Display: Failed to find resolution value strings in scalability ini. Falling back to default.
LogInit: Display: Running engine for game: demo2
LogPlatformFile: Not using cached read wrapper
LogTaskGraph: Started task graph with 5 named threads and 23 total threads with 3 sets of task threads.
LogStats: Stats thread started at 0.329563
LogICUInternationalization: ICU TimeZone Detection - Raw Offset: +8:00, Platform Override: ''
LogInit: Display: Loading text-based GConfig....
LogPluginManager: Mounting plugin MeshPainting
LogPluginManager: Mounting plugin XGEController
LogPluginManager: Mounting plugin Paper2D
LogPluginManager: Mounting plugin EnvironmentQueryEditor
LogPluginManager: Mounting plugin AISupport
LogPluginManager: Mounting plugin LightPropagationVolume
LogPluginManager: Mounting plugin LiveLink
LogPluginManager: Mounting plugin OodleData
LogPluginManager: Mounting plugin OodleNetwork
LogPluginManager: Mounting plugin AnimationSharing
LogPluginManager: Mounting plugin CLionSourceCodeAccess
LogPluginManager: Mounting plugin GitSourceControl
LogPluginManager: Mounting plugin CodeLiteSourceCodeAccess
LogPluginManager: Mounting plugin NullSourceCodeAccess
LogPluginManager: Mounting plugin KDevelopSourceCodeAccess
LogPluginManager: Mounting plugin PerforceSourceControl
LogPluginManager: Mounting plugin PixWinPlugin
LogPluginManager: Mounting plugin PluginUtils
LogPluginManager: Mounting plugin PlasticSourceControl
LogPluginManager: Mounting plugin PropertyAccessNode
LogPluginManager: Mounting plugin RiderSourceCodeAccess
LogPluginManager: Mounting plugin SubversionSourceControl
LogPluginManager: Mounting plugin TextureFormatOodle
LogPluginManager: Mounting plugin UObjectPlugin
LogPluginManager: Mounting plugin VisualStudioSourceCodeAccess
LogPluginManager: Mounting plugin VisualStudioCodeSourceCodeAccess
LogPluginManager: Mounting plugin XCodeSourceCodeAccess
LogPluginManager: Mounting plugin DatasmithContent
LogPluginManager: Mounting plugin Niagara
LogPluginManager: Mounting plugin VariantManagerContent
LogPluginManager: Mounting plugin LuminPlatformFeatures
LogPluginManager: Mounting plugin MagicLeap
LogPluginManager: Mounting plugin MagicLeapLightEstimation
LogPluginManager: Mounting plugin MagicLeapMedia
LogPluginManager: Mounting plugin MagicLeapPassableWorld
LogPluginManager: Mounting plugin MLSDK
LogPluginManager: Mounting plugin TcpMessaging
LogPluginManager: Mounting plugin ActorSequence
LogPluginManager: Mounting plugin UdpMessaging
LogPluginManager: Mounting plugin LevelSequenceEditor
LogPluginManager: Mounting plugin MatineeToLevelSequence
LogPluginManager: Mounting plugin TemplateSequence
LogPluginManager: Mounting plugin OnlineSubsystem
LogPluginManager: Mounting plugin OnlineSubsystemNull
LogPluginManager: Mounting plugin OnlineSubsystemUtils
LogPluginManager: Mounting plugin LauncherChunkInstaller
LogPluginManager: Mounting plugin ActorLayerUtilities
LogPluginManager: Mounting plugin AndroidDeviceProfileSelector
LogPluginManager: Mounting plugin AndroidMoviePlayer
LogPluginManager: Mounting plugin AndroidPermission
LogPluginManager: Mounting plugin AppleImageUtils
LogPluginManager: Mounting plugin AppleMoviePlayer
LogPluginManager: Mounting plugin ArchVisCharacter
LogPluginManager: Mounting plugin AssetTags
LogPluginManager: Mounting plugin AudioCapture
LogPluginManager: Mounting plugin AudioSynesthesia
LogPluginManager: Mounting plugin CableComponent
LogPluginManager: Mounting plugin ChunkDownloader
LogPluginManager: Mounting plugin CustomMeshComponent
LogPluginManager: Mounting plugin EditableMesh
LogPluginManager: Mounting plugin ExampleDeviceProfileSelector
LogPluginManager: Mounting plugin GoogleCloudMessaging
LogPluginManager: Mounting plugin GooglePAD
LogPluginManager: Mounting plugin IOSDeviceProfileSelector
LogPluginManager: Mounting plugin LinuxDeviceProfileSelector
LogPluginManager: Mounting plugin LocationServicesBPLibrary
LogPluginManager: Mounting plugin MobilePatchingUtils
LogPluginManager: Mounting plugin OpenXREyeTracker
LogPluginManager: Mounting plugin OpenXR
LogPluginManager: Mounting plugin OpenXRHandTracking
LogPluginManager: Mounting plugin ScreenshotTools
LogPluginManager: Mounting plugin PhysXVehicles
LogPluginManager: Mounting plugin PostSplashScreen
LogPluginManager: Mounting plugin ProceduralMeshComponent
LogPluginManager: Mounting plugin PropertyAccessEditor
LogPluginManager: Mounting plugin SignificanceManager
LogPluginManager: Mounting plugin RuntimePhysXCooking
LogPluginManager: Mounting plugin SoundFields
LogPluginManager: Mounting plugin Synthesis
LogPluginManager: Mounting plugin WebMMoviePlayer
LogPluginManager: Mounting plugin WindowsMoviePlayer
LogPluginManager: Mounting plugin CameraShakePreviewer
LogPluginManager: Mounting plugin Takes
LogPluginManager: Mounting plugin AssetManagerEditor
LogPluginManager: Mounting plugin GameplayCameras
LogPluginManager: Mounting plugin CryptoKeys
LogPluginManager: Mounting plugin CurveEditorTools
LogPluginManager: Mounting plugin DataValidation
LogPluginManager: Mounting plugin FacialAnimation
LogPluginManager: Mounting plugin GameplayTagsEditor
LogPluginManager: Mounting plugin GeometryMode
LogPluginManager: Mounting plugin MaterialAnalyzer
LogPluginManager: Mounting plugin MacGraphicsSwitching
LogPluginManager: Mounting plugin MobileLauncherProfileWizard
LogPluginManager: Mounting plugin PluginBrowser
LogPluginManager: Mounting plugin SpeedTreeImporter
LogPluginManager: Mounting plugin AndroidMedia
LogPluginManager: Mounting plugin AlembicImporter
LogPluginManager: Mounting plugin AvfMedia
LogPluginManager: Mounting plugin AutomationUtils
LogPluginManager: Mounting plugin BackChannel
LogPluginManager: Mounting plugin ChaosCloth
LogPluginManager: Mounting plugin ChaosEditor
LogPluginManager: Mounting plugin ChaosClothEditor
LogPluginManager: Mounting plugin ChaosNiagara
LogPluginManager: Mounting plugin ChaosSolverPlugin
LogPluginManager: Mounting plugin CharacterAI
LogPluginManager: Mounting plugin GeometryCache
LogPluginManager: Mounting plugin GeometryProcessing
LogPluginManager: Mounting plugin GeometryCollectionPlugin
LogPluginManager: Mounting plugin MotoSynth
LogPluginManager: Mounting plugin OpenImageDenoise
LogPluginManager: Mounting plugin PlatformCrypto
LogPluginManager: Mounting plugin PlanarCut
LogPluginManager: Mounting plugin ProxyLODPlugin
LogPluginManager: Mounting plugin PythonScriptPlugin
LogPluginManager: Mounting plugin SkeletalReduction
LogPluginManager: Mounting plugin ImgMedia
LogPluginManager: Mounting plugin MediaCompositing
LogPluginManager: Mounting plugin MediaPlayerEditor
LogPluginManager: Mounting plugin WebMMedia
LogPluginManager: Mounting plugin WmfMedia
LogPluginManager: Mounting plugin OnlineSubsystemGooglePlay
LogPluginManager: Mounting plugin OnlineSubsystemIOS
LogPluginManager: Mounting plugin OculusVR
LogPluginManager: Mounting plugin SteamVR
LogPluginManager: Mounting plugin ContentBrowserAssetDataSource
LogPluginManager: Mounting plugin ContentBrowserClassDataSource
LogPluginManager: Mounting plugin ContentBrowserFileDataSource
PixWinPlugin: PIX capture plugin failed to initialize! Check that the process is launched from PIX.
LogInit: Using libcurl 7.55.1-DEV
LogInit:  - built for x86_64-pc-win32
LogInit:  - supports SSL with OpenSSL/1.1.1
LogInit:  - supports HTTP deflate (compression) using libz 1.2.8
LogInit:  - other features:
LogInit:      CURL_VERSION_SSL
LogInit:      CURL_VERSION_LIBZ
LogInit:      CURL_VERSION_IPV6
LogInit:      CURL_VERSION_ASYNCHDNS
LogInit:      CURL_VERSION_LARGEFILE
LogInit:      CURL_VERSION_IDN
LogInit:  CurlRequestOptions (configurable via config and command line):
LogInit:  - bVerifyPeer = true  - Libcurl will verify peer certificate
LogInit:  - bUseHttpProxy = true  - Libcurl will use HTTP proxy
LogInit:  - HttpProxyAddress = '127.0.0.1:56472'
LogInit:  - bDontReuseConnections = false  - Libcurl will reuse connections
LogInit:  - MaxHostConnections = 16  - Libcurl will limit the number of connections to a host
LogInit:  - LocalHostAddr = Default
LogInit:  - BufferSize = 65536
LogOnline: OSS: Creating online subsystem instance for: NULL
LogInit: WinSock: version 1.1 (2.2), MaxSocks=32767, MaxUdp=65467
LogOnline: OSS: TryLoadSubsystemAndSetDefault: Loaded subsystem for module [NULL]
LogOculusPluginWrapper: OculusPlugin initialized successfully
LogHMD: Failed initializing OVRPlugin 1.59.0
LogInit: Build: ++UE4+Release-4.27-CL-18319896
LogInit: Engine Version: 4.27.2-18319896+++UE4+Release-4.27
LogInit: Compatible Engine Version: 4.27.0-17155196+++UE4+Release-4.27
LogInit: Net CL: 17155196
LogInit: OS: Windows 10 (Release 2009) (), CPU: 11th Gen Intel(R) Core(TM) i7-1165G7 @ 2.80GHz, GPU: Intel(R) Iris(R) Xe Graphics
LogInit: Compiled (64-bit): Nov 30 2021 07:12:08
LogInit: Compiled with Visual C++: 19.24.28315.00
LogInit: Build Configuration: Development
LogInit: Branch Name: ++UE4+Release-4.27
LogInit: Command Line: 
LogInit: Base Directory: D:/Program Files/Epic Games/UE_4.27/Engine/Binaries/Win64/
LogInit: Allocator: TBB
LogInit: Installed Engine Build: 1
LogDevObjectVersion: Number of dev versions registered: 29
LogDevObjectVersion:   Dev-Blueprints (B0D832E4-1F89-4F0D-ACCF-7EB736FD4AA2): 10
LogDevObjectVersion:   Dev-Build (E1C64328-A22C-4D53-A36C-8E866417BD8C): 0
LogDevObjectVersion:   Dev-Core (375EC13C-06E4-48FB-B500-84F0262A717E): 4
LogDevObjectVersion:   Dev-Editor (E4B068ED-F494-42E9-A231-DA0B2E46BB41): 40
LogDevObjectVersion:   Dev-Framework (CFFC743F-43B0-4480-9391-14DF171D2073): 37
LogDevObjectVersion:   Dev-Mobile (B02B49B5-BB20-44E9-A304-32B752E40360): 3
LogDevObjectVersion:   Dev-Networking (A4E4105C-59A1-49B5-A7C5-40C4547EDFEE): 0
LogDevObjectVersion:   Dev-Online (39C831C9-5AE6-47DC-9A44-9C173E1C8E7C): 0
LogDevObjectVersion:   Dev-Physics (78F01B33-EBEA-4F98-B9B4-84EACCB95AA2): 14
LogDevObjectVersion:   Dev-Platform (6631380F-2D4D-43E0-8009-CF276956A95A): 0
LogDevObjectVersion:   Dev-Rendering (12F88B9F-8875-4AFC-A67C-D90C383ABD29): 45
LogDevObjectVersion:   Dev-Sequencer (7B5AE74C-D270-4C10-A958-57980B212A5A): 13
LogDevObjectVersion:   Dev-VR (D7296918-1DD6-4BDD-9DE2-64A83CC13884): 3
LogDevObjectVersion:   Dev-LoadTimes (C2A15278-BFE7-4AFE-6C17-90FF531DF755): 1
LogDevObjectVersion:   Private-Geometry (6EACA3D4-40EC-4CC1-B786-8BED09428FC5): 3
LogDevObjectVersion:   Dev-AnimPhys (29E575DD-E0A3-4627-9D10-D276232CDCEA): 17
LogDevObjectVersion:   Dev-Anim (AF43A65D-7FD3-4947-9873-3E8ED9C1BB05): 15
LogDevObjectVersion:   Dev-ReflectionCapture (6B266CEC-1EC7-4B8F-A30B-E4D90942FC07): 1
LogDevObjectVersion:   Dev-Automation (0DF73D61-A23F-47EA-B727-89E90C41499A): 1
LogDevObjectVersion:   FortniteMain (601D1886-AC64-4F84-AA16-D3DE0DEAC7D6): 47
LogDevObjectVersion:   FortniteRelease (E7086368-6B23-4C58-8439-1B7016265E91): 1
LogDevObjectVersion:   Dev-Enterprise (9DFFBCD6-494F-0158-E221-12823C92A888): 10
LogDevObjectVersion:   Dev-Niagara (F2AED0AC-9AFE-416F-8664-AA7FFA26D6FC): 1
LogDevObjectVersion:   Dev-Destruction (174F1F0B-B4C6-45A5-B13F-2EE8D0FB917D): 10
LogDevObjectVersion:   Dev-Physics-Ext (35F94A83-E258-406C-A318-09F59610247C): 41
LogDevObjectVersion:   Dev-PhysicsMaterial-Chaos (B68FC16E-8B1B-42E2-B453-215C058844FE): 1
LogDevObjectVersion:   Dev-CineCamera (B2E18506-4273-CFC2-A54E-F4BB758BBA07): 1
LogDevObjectVersion:   Dev-VirtualProduction (64F58936-FD1B-42BA-BA96-7289D5D0FA4E): 1
LogDevObjectVersion:   Dev-MediaFramework (6F0ED827-A609-4895-9C91-998D90180EA4): 2
LogInit: Presizing for max 25165824 objects, including 0 objects not considered by GC, pre-allocating 0 bytes for permanent pool.
LogConfig: Applying CVar settings from Section [/Script/Engine.StreamingSettings] File [D:/project/UE/room_escape/Saved/Config/Windows/Engine.ini]
LogConfig: Setting CVar [[s.MinBulkDataSizeForAsyncLoading:131072]]
LogConfig: Setting CVar [[s.AsyncLoadingThreadEnabled:0]]
LogConfig: Setting CVar [[s.EventDrivenLoaderEnabled:1]]
LogConfig: Setting CVar [[s.WarnIfTimeLimitExceeded:0]]
LogConfig: Setting CVar [[s.TimeLimitExceededMultiplier:1.5]]
LogConfig: Setting CVar [[s.TimeLimitExceededMinTime:0.005]]
LogConfig: Setting CVar [[s.UseBackgroundLevelStreaming:1]]
LogConfig: Setting CVar [[s.PriorityAsyncLoadingExtraTime:15.0]]
LogConfig: Setting CVar [[s.LevelStreamingActorsUpdateTimeLimit:5.0]]
LogConfig: Setting CVar [[s.PriorityLevelStreamingActorsUpdateExtraTime:5.0]]
LogConfig: Setting CVar [[s.LevelStreamingComponentsRegistrationGranularity:10]]
LogConfig: Setting CVar [[s.UnregisterComponentsTimeLimit:1.0]]
LogConfig: Setting CVar [[s.LevelStreamingComponentsUnregistrationGranularity:5]]
LogConfig: Setting CVar [[s.FlushStreamingOnExit:1]]
LogInit: Object subsystem initialized
LogConfig: Setting CVar [[con.DebugEarlyDefault:1]]
LogConfig: Setting CVar [[r.setres:1280x720]]
[2025.03.21-05.31.00:085][  0]LogConfig: Setting CVar [[r.VSync:0]]
[2025.03.21-05.31.00:085][  0]LogConfig: Setting CVar [[r.RHICmdBypass:0]]
[2025.03.21-05.31.00:085][  0]LogConfig: Applying CVar settings from Section [/Script/Engine.RendererSettings] File [D:/project/UE/room_escape/Saved/Config/Windows/Engine.ini]
[2025.03.21-05.31.00:085][  0]LogConfig: Setting CVar [[r.GPUCrashDebugging:0]]
[2025.03.21-05.31.00:085][  0]LogConfig: Applying CVar settings from Section [/Script/Engine.RendererOverrideSettings] File [D:/project/UE/room_escape/Saved/Config/Windows/Engine.ini]
[2025.03.21-05.31.00:085][  0]LogConfig: Applying CVar settings from Section [/Script/Engine.StreamingSettings] File [D:/project/UE/room_escape/Saved/Config/Windows/Engine.ini]
[2025.03.21-05.31.00:085][  0]LogConfig: Setting CVar [[s.MinBulkDataSizeForAsyncLoading:131072]]
[2025.03.21-05.31.00:085][  0]LogConfig: Setting CVar [[s.AsyncLoadingThreadEnabled:0]]
[2025.03.21-05.31.00:085][  0]LogConfig: Setting CVar [[s.EventDrivenLoaderEnabled:1]]
[2025.03.21-05.31.00:085][  0]LogConfig: Setting CVar [[s.WarnIfTimeLimitExceeded:0]]
[2025.03.21-05.31.00:085][  0]LogConfig: Setting CVar [[s.TimeLimitExceededMultiplier:1.5]]
[2025.03.21-05.31.00:085][  0]LogConfig: Setting CVar [[s.TimeLimitExceededMinTime:0.005]]
[2025.03.21-05.31.00:085][  0]LogConfig: Setting CVar [[s.UseBackgroundLevelStreaming:1]]
[2025.03.21-05.31.00:085][  0]LogConfig: Setting CVar [[s.PriorityAsyncLoadingExtraTime:15.0]]
[2025.03.21-05.31.00:085][  0]LogConfig: Setting CVar [[s.LevelStreamingActorsUpdateTimeLimit:5.0]]
[2025.03.21-05.31.00:085][  0]LogConfig: Setting CVar [[s.PriorityLevelStreamingActorsUpdateExtraTime:5.0]]
[2025.03.21-05.31.00:085][  0]LogConfig: Setting CVar [[s.LevelStreamingComponentsRegistrationGranularity:10]]
[2025.03.21-05.31.00:085][  0]LogConfig: Setting CVar [[s.UnregisterComponentsTimeLimit:1.0]]
[2025.03.21-05.31.00:085][  0]LogConfig: Setting CVar [[s.LevelStreamingComponentsUnregistrationGranularity:5]]
[2025.03.21-05.31.00:085][  0]LogConfig: Setting CVar [[s.FlushStreamingOnExit:1]]
[2025.03.21-05.31.00:085][  0]LogConfig: Applying CVar settings from Section [/Script/Engine.GarbageCollectionSettings] File [D:/project/UE/room_escape/Saved/Config/Windows/Engine.ini]
[2025.03.21-05.31.00:085][  0]LogConfig: Setting CVar [[gc.MaxObjectsNotConsideredByGC:1]]
[2025.03.21-05.31.00:085][  0]LogConfig: Setting CVar [[gc.SizeOfPermanentObjectPool:0]]
[2025.03.21-05.31.00:085][  0]LogConfig: Setting CVar [[gc.FlushStreamingOnGC:0]]
[2025.03.21-05.31.00:085][  0]LogConfig: Setting CVar [[gc.NumRetriesBeforeForcingGC:10]]
[2025.03.21-05.31.00:085][  0]LogConfig: Setting CVar [[gc.AllowParallelGC:1]]
[2025.03.21-05.31.00:085][  0]LogConfig: Setting CVar [[gc.TimeBetweenPurgingPendingKillObjects:61.1]]
[2025.03.21-05.31.00:085][  0]LogConfig: Setting CVar [[gc.MaxObjectsInEditor:25165824]]
[2025.03.21-05.31.00:085][  0]LogConfig: Setting CVar [[gc.IncrementalBeginDestroyEnabled:1]]
[2025.03.21-05.31.00:085][  0]LogConfig: Setting CVar [[gc.CreateGCClusters:1]]
[2025.03.21-05.31.00:085][  0]LogConfig: Setting CVar [[gc.MinGCClusterSize:5]]
[2025.03.21-05.31.00:085][  0]LogConfig: Setting CVar [[gc.ActorClusteringEnabled:0]]
[2025.03.21-05.31.00:085][  0]LogConfig: Setting CVar [[gc.BlueprintClusteringEnabled:0]]
[2025.03.21-05.31.00:085][  0]LogConfig: Setting CVar [[gc.UseDisregardForGCOnDedicatedServers:0]]
[2025.03.21-05.31.00:085][  0]LogConfig: Setting CVar [[gc.MultithreadedDestructionEnabled:1]]
[2025.03.21-05.31.00:085][  0]LogConfig: Applying CVar settings from Section [/Script/Engine.NetworkSettings] File [D:/project/UE/room_escape/Saved/Config/Windows/Engine.ini]
[2025.03.21-05.31.00:085][  0]LogConfig: Applying CVar settings from Section [/Script/UnrealEd.CookerSettings] File [D:/project/UE/room_escape/Saved/Config/Windows/Engine.ini]
[2025.03.21-05.31.00:115][  0]LogConfig: Applying CVar settings from Section [ViewDistanceQuality@3] File [D:/project/UE/room_escape/Saved/Config/Windows/Scalability.ini]
[2025.03.21-05.31.00:115][  0]LogConfig: Setting CVar [[r.SkeletalMeshLODBias:0]]
[2025.03.21-05.31.00:115][  0]LogConfig: Setting CVar [[r.ViewDistanceScale:1.0]]
[2025.03.21-05.31.00:115][  0]LogConfig: Applying CVar settings from Section [AntiAliasingQuality@3] File [D:/project/UE/room_escape/Saved/Config/Windows/Scalability.ini]
[2025.03.21-05.31.00:115][  0]LogConfig: Setting CVar [[r.PostProcessAAQuality:4]]
[2025.03.21-05.31.00:116][  0]LogConfig: Applying CVar settings from Section [ShadowQuality@3] File [D:/project/UE/room_escape/Saved/Config/Windows/Scalability.ini]
[2025.03.21-05.31.00:116][  0]LogConfig: Setting CVar [[r.LightFunctionQuality:1]]
[2025.03.21-05.31.00:116][  0]LogConfig: Setting CVar [[r.ShadowQuality:5]]
[2025.03.21-05.31.00:116][  0]LogConfig: Setting CVar [[r.Shadow.CSM.MaxCascades:10]]
[2025.03.21-05.31.00:116][  0]LogConfig: Setting CVar [[r.Shadow.MaxResolution:2048]]
[2025.03.21-05.31.00:116][  0]LogConfig: Setting CVar [[r.Shadow.MaxCSMResolution:2048]]
[2025.03.21-05.31.00:116][  0]LogConfig: Setting CVar [[r.Shadow.RadiusThreshold:0.01]]
[2025.03.21-05.31.00:116][  0]LogConfig: Setting CVar [[r.Shadow.DistanceScale:1.0]]
[2025.03.21-05.31.00:116][  0]LogConfig: Setting CVar [[r.Shadow.CSM.TransitionScale:1.0]]
[2025.03.21-05.31.00:116][  0]LogConfig: Setting CVar [[r.Shadow.PreShadowResolutionFactor:1.0]]
[2025.03.21-05.31.00:116][  0]LogConfig: Setting CVar [[r.DistanceFieldShadowing:1]]
[2025.03.21-05.31.00:116][  0]LogConfig: Setting CVar [[r.DistanceFieldAO:1]]
[2025.03.21-05.31.00:116][  0]LogConfig: Setting CVar [[r.AOQuality:2]]
[2025.03.21-05.31.00:116][  0]LogConfig: Setting CVar [[r.VolumetricFog:1]]
[2025.03.21-05.31.00:116][  0]LogConfig: Setting CVar [[r.VolumetricFog.GridPixelSize:8]]
[2025.03.21-05.31.00:116][  0]LogConfig: Setting CVar [[r.VolumetricFog.GridSizeZ:128]]
[2025.03.21-05.31.00:116][  0]LogConfig: Setting CVar [[r.VolumetricFog.HistoryMissSupersampleCount:4]]
[2025.03.21-05.31.00:116][  0]LogConfig: Setting CVar [[r.LightMaxDrawDistanceScale:1]]
[2025.03.21-05.31.00:116][  0]LogConfig: Setting CVar [[r.CapsuleShadows:1]]
[2025.03.21-05.31.00:116][  0]LogConfig: Applying CVar settings from Section [PostProcessQuality@3] File [D:/project/UE/room_escape/Saved/Config/Windows/Scalability.ini]
[2025.03.21-05.31.00:116][  0]LogConfig: Setting CVar [[r.MotionBlurQuality:4]]
[2025.03.21-05.31.00:116][  0]LogConfig: Setting CVar [[r.AmbientOcclusionMipLevelFactor:0.4]]
[2025.03.21-05.31.00:116][  0]LogConfig: Setting CVar [[r.AmbientOcclusionMaxQuality:100]]
[2025.03.21-05.31.00:116][  0]LogConfig: Setting CVar [[r.AmbientOcclusionLevels:-1]]
[2025.03.21-05.31.00:116][  0]LogConfig: Setting CVar [[r.AmbientOcclusionRadiusScale:1.0]]
[2025.03.21-05.31.00:116][  0]LogConfig: Setting CVar [[r.DepthOfFieldQuality:2]]
[2025.03.21-05.31.00:116][  0]LogConfig: Setting CVar [[r.RenderTargetPoolMin:400]]
[2025.03.21-05.31.00:116][  0]LogConfig: Setting CVar [[r.LensFlareQuality:2]]
[2025.03.21-05.31.00:116][  0]LogConfig: Setting CVar [[r.SceneColorFringeQuality:1]]
[2025.03.21-05.31.00:116][  0]LogConfig: Setting CVar [[r.EyeAdaptationQuality:2]]
[2025.03.21-05.31.00:116][  0]LogConfig: Setting CVar [[r.BloomQuality:5]]
[2025.03.21-05.31.00:116][  0]LogConfig: Setting CVar [[r.FastBlurThreshold:100]]
[2025.03.21-05.31.00:116][  0]LogConfig: Setting CVar [[r.Upscale.Quality:3]]
[2025.03.21-05.31.00:116][  0]LogConfig: Setting CVar [[r.Tonemapper.GrainQuantization:1]]
[2025.03.21-05.31.00:116][  0]LogConfig: Setting CVar [[r.LightShaftQuality:1]]
[2025.03.21-05.31.00:116][  0]LogConfig: Setting CVar [[r.Filter.SizeScale:1]]
[2025.03.21-05.31.00:116][  0]LogConfig: Setting CVar [[r.Tonemapper.Quality:5]]
[2025.03.21-05.31.00:116][  0]LogConfig: Setting CVar [[r.DOF.Gather.AccumulatorQuality:1        ; higher gathering accumulator quality]]
[2025.03.21-05.31.00:116][  0]LogConfig: Setting CVar [[r.DOF.Gather.PostfilterMethod:1          ; Median3x3 postfilering method]]
[2025.03.21-05.31.00:116][  0]LogConfig: Setting CVar [[r.DOF.Gather.EnableBokehSettings:0       ; no bokeh simulation when gathering]]
[2025.03.21-05.31.00:116][  0]LogConfig: Setting CVar [[r.DOF.Gather.RingCount:4                 ; medium number of samples when gathering]]
[2025.03.21-05.31.00:116][  0]LogConfig: Setting CVar [[r.DOF.Scatter.ForegroundCompositing:1    ; additive foreground scattering]]
[2025.03.21-05.31.00:116][  0]LogConfig: Setting CVar [[r.DOF.Scatter.BackgroundCompositing:2    ; additive background scattering]]
[2025.03.21-05.31.00:116][  0]LogConfig: Setting CVar [[r.DOF.Scatter.EnableBokehSettings:1      ; bokeh simulation when scattering]]
[2025.03.21-05.31.00:116][  0]LogConfig: Setting CVar [[r.DOF.Scatter.MaxSpriteRatio:0.1         ; only a maximum of 10% of scattered bokeh]]
[2025.03.21-05.31.00:116][  0]LogConfig: Setting CVar [[r.DOF.Recombine.Quality:1                ; cheap slight out of focus]]
[2025.03.21-05.31.00:116][  0]LogConfig: Setting CVar [[r.DOF.Recombine.EnableBokehSettings:0    ; no bokeh simulation on slight out of focus]]
[2025.03.21-05.31.00:116][  0]LogConfig: Setting CVar [[r.DOF.TemporalAAQuality:1                ; more stable temporal accumulation]]
[2025.03.21-05.31.00:116][  0]LogConfig: Setting CVar [[r.DOF.Kernel.MaxForegroundRadius:0.025]]
[2025.03.21-05.31.00:116][  0]LogConfig: Setting CVar [[r.DOF.Kernel.MaxBackgroundRadius:0.025]]
[2025.03.21-05.31.00:116][  0]LogConfig: Applying CVar settings from Section [TextureQuality@3] File [D:/project/UE/room_escape/Saved/Config/Windows/Scalability.ini]
[2025.03.21-05.31.00:116][  0]LogConfig: Setting CVar [[r.Streaming.MipBias:0]]
[2025.03.21-05.31.00:116][  0]LogConfig: Setting CVar [[r.Streaming.AmortizeCPUToGPUCopy:0]]
[2025.03.21-05.31.00:116][  0]LogConfig: Setting CVar [[r.Streaming.MaxNumTexturesToStreamPerFrame:0]]
[2025.03.21-05.31.00:116][  0]LogConfig: Setting CVar [[r.Streaming.Boost:1]]
[2025.03.21-05.31.00:116][  0]LogConfig: Setting CVar [[r.MaxAnisotropy:8]]
[2025.03.21-05.31.00:116][  0]LogConfig: Setting CVar [[r.VT.MaxAnisotropy:8]]
[2025.03.21-05.31.00:116][  0]LogConfig: Setting CVar [[r.Streaming.LimitPoolSizeToVRAM:0]]
[2025.03.21-05.31.00:116][  0]LogConfig: Setting CVar [[r.Streaming.PoolSize:1000]]
[2025.03.21-05.31.00:116][  0]LogConfig: Setting CVar [[r.Streaming.MaxEffectiveScreenSize:0]]
[2025.03.21-05.31.00:116][  0]LogConfig: Applying CVar settings from Section [EffectsQuality@3] File [D:/project/UE/room_escape/Saved/Config/Windows/Scalability.ini]
[2025.03.21-05.31.00:116][  0]LogConfig: Setting CVar [[r.TranslucencyLightingVolumeDim:64]]
[2025.03.21-05.31.00:116][  0]LogConfig: Setting CVar [[r.RefractionQuality:2]]
[2025.03.21-05.31.00:116][  0]LogConfig: Setting CVar [[r.SSR.Quality:3]]
[2025.03.21-05.31.00:116][  0]LogConfig: Setting CVar [[r.SSR.HalfResSceneColor:0]]
[2025.03.21-05.31.00:116][  0]LogConfig: Setting CVar [[r.SceneColorFormat:4]]
[2025.03.21-05.31.00:116][  0]LogConfig: Setting CVar [[r.DetailMode:2]]
[2025.03.21-05.31.00:116][  0]LogConfig: Setting CVar [[r.TranslucencyVolumeBlur:1]]
[2025.03.21-05.31.00:116][  0]LogConfig: Setting CVar [[r.MaterialQualityLevel:1 ; High quality]]
[2025.03.21-05.31.00:116][  0]LogConfig: Setting CVar [[r.AnisotropicMaterials:1]]
[2025.03.21-05.31.00:116][  0]LogConfig: Setting CVar [[r.SSS.Scale:1]]
[2025.03.21-05.31.00:116][  0]LogConfig: Setting CVar [[r.SSS.SampleSet:2]]
[2025.03.21-05.31.00:116][  0]LogConfig: Setting CVar [[r.SSS.Quality:1]]
[2025.03.21-05.31.00:116][  0]LogConfig: Setting CVar [[r.SSS.HalfRes:0]]
[2025.03.21-05.31.00:116][  0]LogConfig: Setting CVar [[r.SSGI.Quality:3]]
[2025.03.21-05.31.00:116][  0]LogConfig: Setting CVar [[r.EmitterSpawnRateScale:1.0]]
[2025.03.21-05.31.00:116][  0]LogConfig: Setting CVar [[r.ParticleLightQuality:2]]
[2025.03.21-05.31.00:116][  0]LogConfig: Setting CVar [[r.SkyAtmosphere.AerialPerspectiveLUT.FastApplyOnOpaque:1 ; Always have FastSkyLUT 1 in this case to avoid wrong sky]]
[2025.03.21-05.31.00:116][  0]LogConfig: Setting CVar [[r.SkyAtmosphere.AerialPerspectiveLUT.SampleCountMaxPerSlice:4]]
[2025.03.21-05.31.00:116][  0]LogConfig: Setting CVar [[r.SkyAtmosphere.AerialPerspectiveLUT.DepthResolution:16.0]]
[2025.03.21-05.31.00:116][  0]LogConfig: Setting CVar [[r.SkyAtmosphere.FastSkyLUT:1]]
[2025.03.21-05.31.00:116][  0]LogConfig: Setting CVar [[r.SkyAtmosphere.FastSkyLUT.SampleCountMin:4.0]]
[2025.03.21-05.31.00:116][  0]LogConfig: Setting CVar [[r.SkyAtmosphere.FastSkyLUT.SampleCountMax:128.0]]
[2025.03.21-05.31.00:116][  0]LogConfig: Setting CVar [[r.SkyAtmosphere.SampleCountMin:4.0]]
[2025.03.21-05.31.00:116][  0]LogConfig: Setting CVar [[r.SkyAtmosphere.SampleCountMax:128.0]]
[2025.03.21-05.31.00:116][  0]LogConfig: Setting CVar [[r.SkyAtmosphere.TransmittanceLUT.UseSmallFormat:0]]
[2025.03.21-05.31.00:116][  0]LogConfig: Setting CVar [[r.SkyAtmosphere.TransmittanceLUT.SampleCount:10.0]]
[2025.03.21-05.31.00:116][  0]LogConfig: Setting CVar [[r.SkyAtmosphere.MultiScatteringLUT.SampleCount:15.0]]
[2025.03.21-05.31.00:116][  0]LogConfig: Setting CVar [[r.SkyLight.RealTimeReflectionCapture:1]]
[2025.03.21-05.31.00:116][  0]LogConfig: Applying CVar settings from Section [FoliageQuality@3] File [D:/project/UE/room_escape/Saved/Config/Windows/Scalability.ini]
[2025.03.21-05.31.00:116][  0]LogConfig: Setting CVar [[foliage.DensityScale:1.0]]
[2025.03.21-05.31.00:116][  0]LogConfig: Setting CVar [[grass.DensityScale:1.0]]
[2025.03.21-05.31.00:116][  0]LogConfig: Applying CVar settings from Section [ShadingQuality@3] File [D:/project/UE/room_escape/Saved/Config/Windows/Scalability.ini]
[2025.03.21-05.31.00:116][  0]LogConfig: Setting CVar [[r.HairStrands.SkyLighting.IntegrationType:2]]
[2025.03.21-05.31.00:116][  0]LogConfig: Setting CVar [[r.HairStrands.SkyAO.SampleCount:4]]
[2025.03.21-05.31.00:116][  0]LogConfig: Setting CVar [[r.HairStrands.Visibility.MSAA.SamplePerPixel:4]]
[2025.03.21-05.31.00:116][  0]LogInit: Selected Device Profile: [Windows]
[2025.03.21-05.31.00:116][  0]LogInit: Applying CVar settings loaded from the selected device profile: [Windows]
[2025.03.21-05.31.00:116][  0]LogHAL: Display: Platform has ~ 16 GB [16969424896 / 17179869184 / 16], which maps to Larger [LargestMinGB=32, LargerMinGB=12, DefaultMinGB=8, SmallerMinGB=6, SmallestMinGB=0)
[2025.03.21-05.31.00:117][  0]LogInit: Going up to parent DeviceProfile []
[2025.03.21-05.31.00:117][  0]LogConfig: Applying CVar settings from Section [ViewDistanceQuality@3] File [D:/project/UE/room_escape/Saved/Config/Windows/Scalability.ini]
[2025.03.21-05.31.00:117][  0]LogConfig: Setting CVar [[r.SkeletalMeshLODBias:0]]
[2025.03.21-05.31.00:117][  0]LogConfig: Setting CVar [[r.ViewDistanceScale:1.0]]
[2025.03.21-05.31.00:117][  0]LogConfig: Applying CVar settings from Section [AntiAliasingQuality@3] File [D:/project/UE/room_escape/Saved/Config/Windows/Scalability.ini]
[2025.03.21-05.31.00:117][  0]LogConfig: Setting CVar [[r.PostProcessAAQuality:4]]
[2025.03.21-05.31.00:117][  0]LogConfig: Applying CVar settings from Section [ShadowQuality@3] File [D:/project/UE/room_escape/Saved/Config/Windows/Scalability.ini]
[2025.03.21-05.31.00:117][  0]LogConfig: Setting CVar [[r.LightFunctionQuality:1]]
[2025.03.21-05.31.00:117][  0]LogConfig: Setting CVar [[r.ShadowQuality:5]]
[2025.03.21-05.31.00:117][  0]LogConfig: Setting CVar [[r.Shadow.CSM.MaxCascades:10]]
[2025.03.21-05.31.00:117][  0]LogConfig: Setting CVar [[r.Shadow.MaxResolution:2048]]
[2025.03.21-05.31.00:117][  0]LogConfig: Setting CVar [[r.Shadow.MaxCSMResolution:2048]]
[2025.03.21-05.31.00:117][  0]LogConfig: Setting CVar [[r.Shadow.RadiusThreshold:0.01]]
[2025.03.21-05.31.00:117][  0]LogConfig: Setting CVar [[r.Shadow.DistanceScale:1.0]]
[2025.03.21-05.31.00:117][  0]LogConfig: Setting CVar [[r.Shadow.CSM.TransitionScale:1.0]]
[2025.03.21-05.31.00:117][  0]LogConfig: Setting CVar [[r.Shadow.PreShadowResolutionFactor:1.0]]
[2025.03.21-05.31.00:117][  0]LogConfig: Setting CVar [[r.DistanceFieldShadowing:1]]
[2025.03.21-05.31.00:117][  0]LogConfig: Setting CVar [[r.DistanceFieldAO:1]]
[2025.03.21-05.31.00:117][  0]LogConfig: Setting CVar [[r.AOQuality:2]]
[2025.03.21-05.31.00:117][  0]LogConfig: Setting CVar [[r.VolumetricFog:1]]
[2025.03.21-05.31.00:117][  0]LogConfig: Setting CVar [[r.VolumetricFog.GridPixelSize:8]]
[2025.03.21-05.31.00:117][  0]LogConfig: Setting CVar [[r.VolumetricFog.GridSizeZ:128]]
[2025.03.21-05.31.00:117][  0]LogConfig: Setting CVar [[r.VolumetricFog.HistoryMissSupersampleCount:4]]
[2025.03.21-05.31.00:117][  0]LogConfig: Setting CVar [[r.LightMaxDrawDistanceScale:1]]
[2025.03.21-05.31.00:117][  0]LogConfig: Setting CVar [[r.CapsuleShadows:1]]
[2025.03.21-05.31.00:117][  0]LogConfig: Applying CVar settings from Section [PostProcessQuality@3] File [D:/project/UE/room_escape/Saved/Config/Windows/Scalability.ini]
[2025.03.21-05.31.00:117][  0]LogConfig: Setting CVar [[r.MotionBlurQuality:4]]
[2025.03.21-05.31.00:117][  0]LogConfig: Setting CVar [[r.AmbientOcclusionMipLevelFactor:0.4]]
[2025.03.21-05.31.00:117][  0]LogConfig: Setting CVar [[r.AmbientOcclusionMaxQuality:100]]
[2025.03.21-05.31.00:117][  0]LogConfig: Setting CVar [[r.AmbientOcclusionLevels:-1]]
[2025.03.21-05.31.00:117][  0]LogConfig: Setting CVar [[r.AmbientOcclusionRadiusScale:1.0]]
[2025.03.21-05.31.00:117][  0]LogConfig: Setting CVar [[r.DepthOfFieldQuality:2]]
[2025.03.21-05.31.00:117][  0]LogConfig: Setting CVar [[r.RenderTargetPoolMin:400]]
[2025.03.21-05.31.00:117][  0]LogConfig: Setting CVar [[r.LensFlareQuality:2]]
[2025.03.21-05.31.00:117][  0]LogConfig: Setting CVar [[r.SceneColorFringeQuality:1]]
[2025.03.21-05.31.00:117][  0]LogConfig: Setting CVar [[r.EyeAdaptationQuality:2]]
[2025.03.21-05.31.00:117][  0]LogConfig: Setting CVar [[r.BloomQuality:5]]
[2025.03.21-05.31.00:117][  0]LogConfig: Setting CVar [[r.FastBlurThreshold:100]]
[2025.03.21-05.31.00:117][  0]LogConfig: Setting CVar [[r.Upscale.Quality:3]]
[2025.03.21-05.31.00:117][  0]LogConfig: Setting CVar [[r.Tonemapper.GrainQuantization:1]]
[2025.03.21-05.31.00:117][  0]LogConfig: Setting CVar [[r.LightShaftQuality:1]]
[2025.03.21-05.31.00:117][  0]LogConfig: Setting CVar [[r.Filter.SizeScale:1]]
[2025.03.21-05.31.00:117][  0]LogConfig: Setting CVar [[r.Tonemapper.Quality:5]]
[2025.03.21-05.31.00:117][  0]LogConfig: Setting CVar [[r.DOF.Gather.AccumulatorQuality:1        ; higher gathering accumulator quality]]
[2025.03.21-05.31.00:117][  0]LogConfig: Setting CVar [[r.DOF.Gather.PostfilterMethod:1          ; Median3x3 postfilering method]]
[2025.03.21-05.31.00:117][  0]LogConfig: Setting CVar [[r.DOF.Gather.EnableBokehSettings:0       ; no bokeh simulation when gathering]]
[2025.03.21-05.31.00:117][  0]LogConfig: Setting CVar [[r.DOF.Gather.RingCount:4                 ; medium number of samples when gathering]]
[2025.03.21-05.31.00:117][  0]LogConfig: Setting CVar [[r.DOF.Scatter.ForegroundCompositing:1    ; additive foreground scattering]]
[2025.03.21-05.31.00:117][  0]LogConfig: Setting CVar [[r.DOF.Scatter.BackgroundCompositing:2    ; additive background scattering]]
[2025.03.21-05.31.00:117][  0]LogConfig: Setting CVar [[r.DOF.Scatter.EnableBokehSettings:1      ; bokeh simulation when scattering]]
[2025.03.21-05.31.00:117][  0]LogConfig: Setting CVar [[r.DOF.Scatter.MaxSpriteRatio:0.1         ; only a maximum of 10% of scattered bokeh]]
[2025.03.21-05.31.00:117][  0]LogConfig: Setting CVar [[r.DOF.Recombine.Quality:1                ; cheap slight out of focus]]
[2025.03.21-05.31.00:117][  0]LogConfig: Setting CVar [[r.DOF.Recombine.EnableBokehSettings:0    ; no bokeh simulation on slight out of focus]]
[2025.03.21-05.31.00:117][  0]LogConfig: Setting CVar [[r.DOF.TemporalAAQuality:1                ; more stable temporal accumulation]]
[2025.03.21-05.31.00:117][  0]LogConfig: Setting CVar [[r.DOF.Kernel.MaxForegroundRadius:0.025]]
[2025.03.21-05.31.00:117][  0]LogConfig: Setting CVar [[r.DOF.Kernel.MaxBackgroundRadius:0.025]]
[2025.03.21-05.31.00:117][  0]LogConfig: Applying CVar settings from Section [TextureQuality@3] File [D:/project/UE/room_escape/Saved/Config/Windows/Scalability.ini]
[2025.03.21-05.31.00:117][  0]LogConfig: Setting CVar [[r.Streaming.MipBias:0]]
[2025.03.21-05.31.00:117][  0]LogConfig: Setting CVar [[r.Streaming.AmortizeCPUToGPUCopy:0]]
[2025.03.21-05.31.00:117][  0]LogConfig: Setting CVar [[r.Streaming.MaxNumTexturesToStreamPerFrame:0]]
[2025.03.21-05.31.00:117][  0]LogConfig: Setting CVar [[r.Streaming.Boost:1]]
[2025.03.21-05.31.00:117][  0]LogConfig: Setting CVar [[r.MaxAnisotropy:8]]
[2025.03.21-05.31.00:117][  0]LogConfig: Setting CVar [[r.VT.MaxAnisotropy:8]]
[2025.03.21-05.31.00:117][  0]LogConfig: Setting CVar [[r.Streaming.LimitPoolSizeToVRAM:0]]
[2025.03.21-05.31.00:117][  0]LogConfig: Setting CVar [[r.Streaming.PoolSize:1000]]
[2025.03.21-05.31.00:117][  0]LogConfig: Setting CVar [[r.Streaming.MaxEffectiveScreenSize:0]]
[2025.03.21-05.31.00:117][  0]LogConfig: Applying CVar settings from Section [EffectsQuality@3] File [D:/project/UE/room_escape/Saved/Config/Windows/Scalability.ini]
[2025.03.21-05.31.00:117][  0]LogConfig: Setting CVar [[r.TranslucencyLightingVolumeDim:64]]
[2025.03.21-05.31.00:117][  0]LogConfig: Setting CVar [[r.RefractionQuality:2]]
[2025.03.21-05.31.00:117][  0]LogConfig: Setting CVar [[r.SSR.Quality:3]]
[2025.03.21-05.31.00:117][  0]LogConfig: Setting CVar [[r.SSR.HalfResSceneColor:0]]
[2025.03.21-05.31.00:117][  0]LogConfig: Setting CVar [[r.SceneColorFormat:4]]
[2025.03.21-05.31.00:117][  0]LogConfig: Setting CVar [[r.DetailMode:2]]
[2025.03.21-05.31.00:117][  0]LogConfig: Setting CVar [[r.TranslucencyVolumeBlur:1]]
[2025.03.21-05.31.00:117][  0]LogConfig: Setting CVar [[r.MaterialQualityLevel:1 ; High quality]]
[2025.03.21-05.31.00:117][  0]LogConfig: Setting CVar [[r.AnisotropicMaterials:1]]
[2025.03.21-05.31.00:117][  0]LogConfig: Setting CVar [[r.SSS.Scale:1]]
[2025.03.21-05.31.00:117][  0]LogConfig: Setting CVar [[r.SSS.SampleSet:2]]
[2025.03.21-05.31.00:117][  0]LogConfig: Setting CVar [[r.SSS.Quality:1]]
[2025.03.21-05.31.00:117][  0]LogConfig: Setting CVar [[r.SSS.HalfRes:0]]
[2025.03.21-05.31.00:117][  0]LogConfig: Setting CVar [[r.SSGI.Quality:3]]
[2025.03.21-05.31.00:117][  0]LogConfig: Setting CVar [[r.EmitterSpawnRateScale:1.0]]
[2025.03.21-05.31.00:117][  0]LogConfig: Setting CVar [[r.ParticleLightQuality:2]]
[2025.03.21-05.31.00:117][  0]LogConfig: Setting CVar [[r.SkyAtmosphere.AerialPerspectiveLUT.FastApplyOnOpaque:1 ; Always have FastSkyLUT 1 in this case to avoid wrong sky]]
[2025.03.21-05.31.00:117][  0]LogConfig: Setting CVar [[r.SkyAtmosphere.AerialPerspectiveLUT.SampleCountMaxPerSlice:4]]
[2025.03.21-05.31.00:117][  0]LogConfig: Setting CVar [[r.SkyAtmosphere.AerialPerspectiveLUT.DepthResolution:16.0]]
[2025.03.21-05.31.00:117][  0]LogConfig: Setting CVar [[r.SkyAtmosphere.FastSkyLUT:1]]
[2025.03.21-05.31.00:117][  0]LogConfig: Setting CVar [[r.SkyAtmosphere.FastSkyLUT.SampleCountMin:4.0]]
[2025.03.21-05.31.00:117][  0]LogConfig: Setting CVar [[r.SkyAtmosphere.FastSkyLUT.SampleCountMax:128.0]]
[2025.03.21-05.31.00:117][  0]LogConfig: Setting CVar [[r.SkyAtmosphere.SampleCountMin:4.0]]
[2025.03.21-05.31.00:117][  0]LogConfig: Setting CVar [[r.SkyAtmosphere.SampleCountMax:128.0]]
[2025.03.21-05.31.00:117][  0]LogConfig: Setting CVar [[r.SkyAtmosphere.TransmittanceLUT.UseSmallFormat:0]]
[2025.03.21-05.31.00:117][  0]LogConfig: Setting CVar [[r.SkyAtmosphere.TransmittanceLUT.SampleCount:10.0]]
[2025.03.21-05.31.00:117][  0]LogConfig: Setting CVar [[r.SkyAtmosphere.MultiScatteringLUT.SampleCount:15.0]]
[2025.03.21-05.31.00:117][  0]LogConfig: Setting CVar [[r.SkyLight.RealTimeReflectionCapture:1]]
[2025.03.21-05.31.00:117][  0]LogConfig: Applying CVar settings from Section [FoliageQuality@3] File [D:/project/UE/room_escape/Saved/Config/Windows/Scalability.ini]
[2025.03.21-05.31.00:117][  0]LogConfig: Setting CVar [[foliage.DensityScale:1.0]]
[2025.03.21-05.31.00:117][  0]LogConfig: Setting CVar [[grass.DensityScale:1.0]]
[2025.03.21-05.31.00:117][  0]LogConfig: Applying CVar settings from Section [ShadingQuality@3] File [D:/project/UE/room_escape/Saved/Config/Windows/Scalability.ini]
[2025.03.21-05.31.00:117][  0]LogConfig: Setting CVar [[r.HairStrands.SkyLighting.IntegrationType:2]]
[2025.03.21-05.31.00:117][  0]LogConfig: Setting CVar [[r.HairStrands.SkyAO.SampleCount:4]]
[2025.03.21-05.31.00:117][  0]LogConfig: Setting CVar [[r.HairStrands.Visibility.MSAA.SamplePerPixel:4]]
[2025.03.21-05.31.00:117][  0]LogConfig: Applying CVar settings from Section [Startup] File [../../../Engine/Config/ConsoleVariables.ini]
[2025.03.21-05.31.00:118][  0]LogConfig: Setting CVar [[net.UseAdaptiveNetUpdateFrequency:0]]
[2025.03.21-05.31.00:118][  0]LogConfig: Setting CVar [[p.chaos.AllowCreatePhysxBodies:1]]
[2025.03.21-05.31.00:118][  0]LogConfig: Setting CVar [[fx.SkipVectorVMBackendOptimizations:1]]
[2025.03.21-05.31.00:118][  0]LogConfig: Applying CVar settings from Section [ConsoleVariables] File [D:/project/UE/room_escape/Saved/Config/Windows/Engine.ini]
[2025.03.21-05.31.00:118][  0]LogConfig: Applying CVar settings from Section [ConsoleVariables] File [D:/project/UE/room_escape/Saved/Config/Windows/Editor.ini]
[2025.03.21-05.31.00:118][  0]LogInit: Computer: 一介白衣
[2025.03.21-05.31.00:118][  0]LogInit: User: yjby
[2025.03.21-05.31.00:118][  0]LogInit: CPU Page size=4096, Cores=4
[2025.03.21-05.31.00:118][  0]LogInit: High frequency timer resolution =10.000000 MHz
[2025.03.21-05.31.00:118][  0]LogMemory: Memory total: Physical=15.8GB (16GB approx)
[2025.03.21-05.31.00:118][  0]LogMemory: Platform Memory Stats for Windows
[2025.03.21-05.31.00:118][  0]LogMemory: Process Physical Memory: 144.83 MB used, 144.83 MB peak
[2025.03.21-05.31.00:118][  0]LogMemory: Process Virtual Memory: 120.52 MB used, 120.52 MB peak
[2025.03.21-05.31.00:118][  0]LogMemory: Physical Memory: 10473.42 MB used,  5709.89 MB free, 16183.30 MB total
[2025.03.21-05.31.00:118][  0]LogMemory: Virtual Memory: 134201336.00 MB used,  16389.17 MB free, 134217728.00 MB total
[2025.03.21-05.31.00:124][  0]LogWindows: WindowsPlatformFeatures enabled
[2025.03.21-05.31.00:148][  0]LogInit: Physics initialised using underlying interface: PhysX
[2025.03.21-05.31.00:149][  0]LogInit: Overriding language with editor language configuration option (en).
[2025.03.21-05.31.00:149][  0]LogInit: Using OS detected locale (zh-CN).
[2025.03.21-05.31.00:361][  0]LogInit: Setting process to per monitor DPI aware
[2025.03.21-05.31.00:380][  0]LogWindowsTextInputMethodSystem: Display: IME system deactivated.
[2025.03.21-05.31.00:395][  0]LogSlate: New Slate User Created.  User Index 0, Is Virtual User: 0
[2025.03.21-05.31.00:395][  0]LogSlate: Slate User Registered.  User Index 0, Is Virtual User: 0
[2025.03.21-05.31.00:499][  0]LogD3D11RHI: Loaded GFSDK_Aftermath_Lib.x64.dll
[2025.03.21-05.31.00:503][  0]LogHMD: Failed to initialize OpenVR with code 110
[2025.03.21-05.31.00:504][  0]LogD3D11RHI: D3D11 min allowed feature level: 11_0
[2025.03.21-05.31.00:504][  0]LogD3D11RHI: D3D11 max allowed feature level: 11_0
[2025.03.21-05.31.00:504][  0]LogD3D11RHI: D3D11 adapters:
[2025.03.21-05.31.00:606][  0]LogD3D11RHI:    0. 'Intel(R) Iris(R) Xe Graphics' (Feature Level 11_0)
[2025.03.21-05.31.00:606][  0]LogD3D11RHI:       128/0/8091 MB DedicatedVideo/DedicatedSystem/SharedSystem, Outputs:2, VendorId:0x8086
[2025.03.21-05.31.00:608][  0]LogD3D11RHI:    1. 'Microsoft Basic Render Driver' (Feature Level 11_0)
[2025.03.21-05.31.00:608][  0]LogD3D11RHI:       0/0/8091 MB DedicatedVideo/DedicatedSystem/SharedSystem, Outputs:0, VendorId:0x1414
[2025.03.21-05.31.00:709][  0]LogD3D11RHI:    2. 'Intel(R) Iris(R) Xe Graphics' (Feature Level 11_0)
[2025.03.21-05.31.00:709][  0]LogD3D11RHI:       128/0/8091 MB DedicatedVideo/DedicatedSystem/SharedSystem, Outputs:0, VendorId:0x8086
[2025.03.21-05.31.00:709][  0]LogD3D11RHI: Chosen D3D11 Adapter:
[2025.03.21-05.31.00:709][  0]LogD3D11RHI:     Description : Intel(R) Iris(R) Xe Graphics
[2025.03.21-05.31.00:709][  0]LogD3D11RHI:     VendorId    : 8086
[2025.03.21-05.31.00:709][  0]LogD3D11RHI:     DeviceId    : 9a49
[2025.03.21-05.31.00:709][  0]LogD3D11RHI:     SubSysId    : 1307152d
[2025.03.21-05.31.00:709][  0]LogD3D11RHI:     Revision    : 0001
[2025.03.21-05.31.00:709][  0]LogD3D11RHI:     DedicatedVideoMemory : 134217728 bytes
[2025.03.21-05.31.00:709][  0]LogD3D11RHI:     DedicatedSystemMemory : 0 bytes
[2025.03.21-05.31.00:709][  0]LogD3D11RHI:     SharedSystemMemory : 8484712448 bytes
[2025.03.21-05.31.00:709][  0]LogD3D11RHI:     AdapterLuid : 0 54700
[2025.03.21-05.31.00:717][  0]LogD3D11RHI: Creating new Direct3DDevice
[2025.03.21-05.31.00:717][  0]LogD3D11RHI:     GPU DeviceId: 0x9a49 (for the marketing name, search the web for "GPU Device Id")
[2025.03.21-05.31.00:717][  0]LogWindows: EnumDisplayDevices:
[2025.03.21-05.31.00:717][  0]LogWindows:    0. 'Intel(R) Iris(R) Xe Graphics' (P:1 D:1)
[2025.03.21-05.31.00:717][  0]LogWindows:    1. 'Intel(R) Iris(R) Xe Graphics' (P:0 D:1)
[2025.03.21-05.31.00:717][  0]LogWindows:    2. 'Intel(R) Iris(R) Xe Graphics' (P:0 D:0)
[2025.03.21-05.31.00:717][  0]LogWindows:    3. 'Intel(R) Iris(R) Xe Graphics' (P:0 D:0)
[2025.03.21-05.31.00:718][  0]LogWindows:    4. 'Virtual Display Device' (P:0 D:0)
[2025.03.21-05.31.00:718][  0]LogWindows: DebugString: GetVideoDriverDetailsInvalid PrimaryIsNotTheChoosenAdapter FoundDriverCount:4 
[2025.03.21-05.31.00:718][  0]LogD3D11RHI:     Adapter Name: Intel(R) Iris(R) Xe Graphics
[2025.03.21-05.31.00:718][  0]LogD3D11RHI:   Driver Version: 32.0.101.6325 (internal:32.0.101.6325, unified:32.0.101.6325)
[2025.03.21-05.31.00:718][  0]LogD3D11RHI:      Driver Date: 12-10-2024
[2025.03.21-05.31.00:718][  0]LogRHI: Texture pool is 1523 MB (70% of 2176 MB)
[2025.03.21-05.31.00:724][  0]LogD3D11RHI: Creating D3DDevice using adapter:
[2025.03.21-05.31.00:724][  0]LogD3D11RHI:     Description : Intel(R) Iris(R) Xe Graphics
[2025.03.21-05.31.00:724][  0]LogD3D11RHI:     VendorId    : 8086
[2025.03.21-05.31.00:724][  0]LogD3D11RHI:     DeviceId    : 9a49
[2025.03.21-05.31.00:724][  0]LogD3D11RHI:     SubSysId    : 1307152d
[2025.03.21-05.31.00:724][  0]LogD3D11RHI:     Revision    : 0001
[2025.03.21-05.31.00:724][  0]LogD3D11RHI:     DedicatedVideoMemory : 134217728 bytes
[2025.03.21-05.31.00:724][  0]LogD3D11RHI:     DedicatedSystemMemory : 0 bytes
[2025.03.21-05.31.00:724][  0]LogD3D11RHI:     SharedSystemMemory : 8484712448 bytes
[2025.03.21-05.31.00:724][  0]LogD3D11RHI:     AdapterLuid : 0 54700
[2025.03.21-05.31.00:806][  0]LogD3D11RHI: RHI does not have support for 64 bit atomics
[2025.03.21-05.31.00:828][  0]LogD3D11RHI: Intel Extensions support version Full=16777216, Major=1, Minor=0, Revision=0
[2025.03.21-05.31.00:828][  0]LogD3D11RHI: Intel Extensions support version Full=16777217, Major=1, Minor=0, Revision=1
[2025.03.21-05.31.00:828][  0]LogD3D11RHI: Intel Extensions Framework enabled
[2025.03.21-05.31.00:829][  0]LogD3D11RHI: [IntelMetricsDiscovery] Started
[2025.03.21-05.31.00:829][  0]LogD3D11RHI: Async texture creation enabled
[2025.03.21-05.31.00:829][  0]LogD3D11RHI: Array index from any shader is supported
[2025.03.21-05.31.00:843][  0]LogD3D11RHI: GPU Timing Frequency: 19.200000 (Debug: 2 0)
[2025.03.21-05.31.01:126][  0]LogTargetPlatformManager: Display: Loaded TargetPlatform 'AllDesktop'
[2025.03.21-05.31.01:144][  0]LogTargetPlatformManager: Display: Loaded TargetPlatform 'Android'
[2025.03.21-05.31.01:144][  0]LogTargetPlatformManager: Display: Loaded TargetPlatform 'Android_ASTC'
[2025.03.21-05.31.01:144][  0]LogTargetPlatformManager: Display: Loaded TargetPlatform 'Android_DXT'
[2025.03.21-05.31.01:144][  0]LogTargetPlatformManager: Display: Loaded TargetPlatform 'Android_ETC2'
[2025.03.21-05.31.01:144][  0]LogTargetPlatformManager: Display: Loaded TargetPlatform 'AndroidClient'
[2025.03.21-05.31.01:144][  0]LogTargetPlatformManager: Display: Loaded TargetPlatform 'Android_ASTCClient'
[2025.03.21-05.31.01:144][  0]LogTargetPlatformManager: Display: Loaded TargetPlatform 'Android_DXTClient'
[2025.03.21-05.31.01:144][  0]LogTargetPlatformManager: Display: Loaded TargetPlatform 'Android_ETC2Client'
[2025.03.21-05.31.01:144][  0]LogTargetPlatformManager: Display: Loaded TargetPlatform 'Android_Multi'
[2025.03.21-05.31.01:144][  0]LogTargetPlatformManager: Display: Loaded TargetPlatform 'Android_MultiClient'
[2025.03.21-05.31.01:159][  0]LogTargetPlatformManager: Display: Loaded TargetPlatform 'IOSClient'
[2025.03.21-05.31.01:159][  0]LogTargetPlatformManager: Display: Loaded TargetPlatform 'IOS'
[2025.03.21-05.31.01:167][  0]LogTargetPlatformManager: Display: Loaded TargetPlatform 'Linux'
[2025.03.21-05.31.01:171][  0]LogTargetPlatformManager: Display: Loaded TargetPlatform 'LinuxNoEditor'
[2025.03.21-05.31.01:175][  0]LogTargetPlatformManager: Display: Loaded TargetPlatform 'LinuxClient'
[2025.03.21-05.31.01:179][  0]LogTargetPlatformManager: Display: Loaded TargetPlatform 'LinuxServer'
[2025.03.21-05.31.01:186][  0]LogTargetPlatformManager: Display: Loaded TargetPlatform 'LinuxAArch64NoEditor'
[2025.03.21-05.31.01:190][  0]LogTargetPlatformManager: Display: Loaded TargetPlatform 'LinuxAArch64Client'
[2025.03.21-05.31.01:194][  0]LogTargetPlatformManager: Display: Loaded TargetPlatform 'LinuxAArch64Server'
[2025.03.21-05.31.01:212][  0]LogTargetPlatformManager: Display: Loaded TargetPlatform 'Lumin'
[2025.03.21-05.31.01:212][  0]LogTargetPlatformManager: Display: Loaded TargetPlatform 'LuminClient'
[2025.03.21-05.31.01:218][  0]LogTargetPlatformManager: Display: Loaded TargetPlatform 'MacNoEditor'
[2025.03.21-05.31.01:222][  0]LogTargetPlatformManager: Display: Loaded TargetPlatform 'Mac'
[2025.03.21-05.31.01:229][  0]LogTargetPlatformManager: Display: Loaded TargetPlatform 'MacClient'
[2025.03.21-05.31.01:238][  0]LogTargetPlatformManager: Display: Loaded TargetPlatform 'MacServer'
[2025.03.21-05.31.01:251][  0]LogTargetPlatformManager: Display: Loaded TargetPlatform 'TVOSClient'
[2025.03.21-05.31.01:251][  0]LogTargetPlatformManager: Display: Loaded TargetPlatform 'TVOS'
[2025.03.21-05.31.01:258][  0]LogTargetPlatformManager: Display: Loaded TargetPlatform 'WindowsNoEditor'
[2025.03.21-05.31.01:263][  0]LogTargetPlatformManager: Display: Loaded TargetPlatform 'Windows'
[2025.03.21-05.31.01:267][  0]LogTargetPlatformManager: Display: Loaded TargetPlatform 'WindowsClient'
[2025.03.21-05.31.01:271][  0]LogTargetPlatformManager: Display: Loaded TargetPlatform 'WindowsServer'
[2025.03.21-05.31.01:271][  0]LogTargetPlatformManager: Display: Building Assets For Windows
[2025.03.21-05.31.01:278][  0]LogAudioDebug: Display: Lib vorbis DLL was dynamically loaded.
[2025.03.21-05.31.01:304][  0]LogTextureFormatOodle: Display: Oodle Texture 2.9.0 init RDO Off
[2025.03.21-05.31.01:336][  0]LogRendererCore: Ray tracing is disabled. Reason: r.RayTracing=0.
[2025.03.21-05.31.01:336][  0]LogShaderCompilers: Guid format shader working directory is 4 characters bigger than the processId version (../../../../../../project/UE/room_escape/Intermediate/Shaders/WorkingDirectory/27936/).
[2025.03.21-05.31.01:336][  0]LogShaderCompilers: Cleaned the shader compiler working directory 'C:/Users/yjby/AppData/Local/Temp/UnrealShaderWorkingDir/96A1F7764DBD7174A614568F12038E1C/'.
[2025.03.21-05.31.01:336][  0]LogXGEController: Cannot use XGE Controller as Incredibuild is not installed on this machine.
[2025.03.21-05.31.01:336][  0]LogShaderCompilers: Cannot use XGE Shader Compiler as Incredibuild is not installed on this machine.
[2025.03.21-05.31.01:336][  0]LogShaderCompilers: Display: Using Local Shader Compiler.
[2025.03.21-05.31.02:062][  0]LogDerivedDataCache: Display: Max Cache Size: 512 MB
[2025.03.21-05.31.02:123][  0]LogDerivedDataCache: Loaded boot cache 0.06s 94MB C:/Users/yjby/AppData/Local/UnrealEngine/4.27/DerivedDataCache/Boot.ddc.
[2025.03.21-05.31.02:123][  0]LogDerivedDataCache: Display: Loaded Boot cache: C:/Users/yjby/AppData/Local/UnrealEngine/4.27/DerivedDataCache/Boot.ddc
[2025.03.21-05.31.02:123][  0]LogDerivedDataCache: FDerivedDataBackendGraph:  Pak pak cache file ../../../../../../project/UE/room_escape/DerivedDataCache/DDC.ddp not found, will not use a pak cache.
[2025.03.21-05.31.02:123][  0]LogDerivedDataCache: Unable to find inner node Pak for hierarchical cache Hierarchy.
[2025.03.21-05.31.02:124][  0]LogDerivedDataCache: FDerivedDataBackendGraph:  CompressedPak pak cache file ../../../../../../project/UE/room_escape/DerivedDataCache/Compressed.ddp not found, will not use a pak cache.
[2025.03.21-05.31.02:124][  0]LogDerivedDataCache: Unable to find inner node CompressedPak for hierarchical cache Hierarchy.
[2025.03.21-05.31.02:142][  0]LogDerivedDataCache: Display: Pak cache opened for reading ../../../Engine/DerivedDataCache/Compressed.ddp.
[2025.03.21-05.31.02:142][  0]LogDerivedDataCache: FDerivedDataBackendGraph:  EnterprisePak pak cache file ../../../Enterprise/DerivedDataCache/Compressed.ddp not found, will not use a pak cache.
[2025.03.21-05.31.02:142][  0]LogDerivedDataCache: Unable to find inner node EnterprisePak for hierarchical cache Hierarchy.
[2025.03.21-05.31.02:148][  0]LogDerivedDataCache: Speed tests for C:/Users/yjby/AppData/Local/UnrealEngine/Common/DerivedDataCache took 0.01 seconds
[2025.03.21-05.31.02:148][  0]LogDerivedDataCache: Display: Performance to C:/Users/yjby/AppData/Local/UnrealEngine/Common/DerivedDataCache: Latency=0.02ms. RandomReadSpeed=1288.37MBs, RandomWriteSpeed=186.54MBs. Assigned SpeedClass 'Local'
[2025.03.21-05.31.02:149][  0]LogDerivedDataCache: Using Local data cache path C:/Users/yjby/AppData/Local/UnrealEngine/Common/DerivedDataCache: Writable
[2025.03.21-05.31.02:149][  0]LogDerivedDataCache: Shared data cache path not found in *engine.ini, will not use an Shared cache.
[2025.03.21-05.31.02:149][  0]LogDerivedDataCache: Unable to find inner node Shared for hierarchical cache Hierarchy.
[2025.03.21-05.31.02:197][  0]LogSlate: Using FreeType 2.10.0
[2025.03.21-05.31.02:197][  0]LogSlate: SlateFontServices - WITH_FREETYPE: 1, WITH_HARFBUZZ: 1
[2025.03.21-05.31.02:220][  0]LogAssetRegistry: FAssetRegistry took 0.0026 seconds to start up
[2025.03.21-05.31.02:473][  0]LogInit: Selected Device Profile: [Windows]
[2025.03.21-05.31.02:473][  0]LogInit: Active device profile: [0000019D82357300][0000019DFAB5BA40 49] Windows
[2025.03.21-05.31.02:473][  0]LogInit: Profiles: [0000019D82357300][0000019DFAB5BA40 49] Windows, [0000019D82318F00][0000019DF7349BC0 49] WindowsNoEditor, [0000019D82354F00][0000019DFBC881C0 49] WindowsServer, [0000019D8231AB00][0000019DFB1C6340 49] WindowsClient, [0000019D82356A00][0000019DFB1CA4C0 49] IOS, [0000019D82319800][0000019DF67A8600 49] iPadAir, [0000019D82355700][0000019DFB1CE740 49] iPadAir2, [0000019D822BFA00][0000019DFADBC980 49] IPadPro, [0000019D822BFB00][0000019DF719E9C0 49] iPadAir3, [0000019D82356400][0000019DF685CB40 49] iPadAir4, [0000019D822BD400][0000019DF6860CC0 49] iPadMini2, [0000019D82355C00][0000019DF6864E40 49] iPadMini3, [0000019D822BE500][0000019DF6868FC0 49] iPadMini4, [0000019D82354800][0000019DF686D140 49] iPadMini5, [0000019D82307300][0000019DF6875400 49] iPhone6, [0000019D82307400][0000019DF6871440 49] iPodTouch6, [0000019D822BC400][0000019DF687D700 49] iPhone7, [0000019D822BC300][0000019DF6879740 49] iPodTouch7, [0000019D82305300][0000019DF67698C0 49] iPhone5S, [0000019D822BFE00][0000019DF676DA40 49] iPhone6Plus, [0000019D82306600][0000019DF6771BC0 49] iPhone6S, [0000019D822BD200][0000019DF67741C0 49] iPhone6SPlus, [0000019D82305B00][0000019DF6778340 49] iPhone7Plus, [0000019D822BDD00][0000019DF677C4C0 49] iPhoneSE, [0000019D82304E00][0000019DF6780640 49] iPhone8, [0000019D822BCC00][0000019DFADC0780 49] iPhone8Plus, [0000019D82306D00][0000019DF67848C0 49] iPhoneX, [0000019D822BCA00][0000019DF6788A00 49] iPhoneXS, [0000019D82307A00][0000019DF678CB40 49] iPhoneXSMax, [0000019D822BD800][0000019DFBC24CC0 49] iPhoneXR, [0000019D82304D00][0000019DFBC28E40 49] iPhone11, [0000019D822BCE00][0000019DFBC2CFC0 49] iPhone11Pro, [0000019D82306700][0000019DFBC31140 49] iPhone11ProMax, [0000019D822BE800][0000019DFBC352C0 49] iPhoneSE2, [0000019D82306300][0000019DFBC39440 49] iPhone12Mini, [0000019D822BEE00][0000019DFBC3D5C0 49] iPhone12, [0000019D82305900][0000019DFBC41740 49] iPhone12Pro, [0000019D822BF900][0000019DFBC458C0 49] iPhone12ProMax, [0000019D82305500][0000019DFBC49A40 49] iPadPro105, [0000019D822BD100][0000019DFBC4DBC0 49] iPadPro129, [0000019D82304B00][0000019DFBC501C0 49] iPadPro97, [0000019D822BF600][0000019DFBC54340 49] iPadPro2_129, [0000019D82307800][0000019DFBC584C0 49] iPad5, [0000019D822BFD00][0000019DFAA3E640 49] iPad6, [0000019D82306900][0000019DFAA427C0 49] iPad7, [0000019D822BDF00][0000019DFAA46940 49] iPad8, [0000019D82307F00][0000019DFBC20A80 49] iPadPro11, [0000019D822BDB00][0000019DFAA4ABC0 49] iPadPro2_11, [0000019D82304100][0000019DFAA4ED00 49] iPadPro3_129, [0000019D822BE400][0000019DFAA56E80 49] iPadPro4_129, [0000019D82305F00][0000019DFAA5B000 49] AppleTV, [0000019D822BC200][0000019DFAA5F180 49] AppleTV4K, [0000019D82306000][0000019DFAA63300 49] TVOS, [0000019D822BD900][0000019DFAA67480 49] Mac, [0000019D82307600][0000019DFAA6B600 49] MacClient, [0000019D822BF800][0000019DFAA6F780 49] MacNoEditor, [0000019D82305200][0000019DFAA73900 49] MacServer, [0000019D822BEF00][0000019DFAA77A80 49] Linux, [0000019D82307200][0000019DFAA7BC00 49] LinuxAArch64, [0000019D822BF200][0000019DFAA7E200 49] LinuxNoEditor, [0000019D8231A500][0000019DFAA82380 49] LinuxAArch64NoEditor, [0000019D823A0500][0000019DFAA86500 49] LinuxClient, [0000019D82318A00][0000019DFAA8A680 49] LinuxAArch64Client, [0000019D823A1200][0000019DFAA8E800 49] LinuxServer, [0000019D82319500][0000019DFAA92980 49] LinuxAArch64Server, [0000019D823A1800][0000019DFAA96B00 49] Android, [0000019D82318100][0000019DFAA52C40 49] Android_Low, [0000019D823A1400][0000019DFAA9AD80 49] Android_Mid, [0000019D8231AE00][0000019DF72B4EC0 49] Android_High, [0000019D823A0A00][0000019DF72BD040 49] Android_Default, [0000019D82319C00][0000019DF72C11C0 49] Android_Adreno4xx, [0000019D823A1D00][0000019DF72C5340 49] Android_Adreno5xx_Low, [0000019D82318800][0000019DF72C94C0 49] Android_Adreno5xx, [0000019D823A0800][0000019DF72CD640 49] Android_Adreno6xx, [0000019D8231B200][0000019DF72D17C0 49] Android_Adreno6xx_Vulkan, [0000019D823A0200][0000019DF72D5940 49] Android_Mali_T6xx, [0000019D8231B300][0000019DF72D9AC0 49] Android_Mali_T7xx, [0000019D823A0C00][0000019DF72DC0C0 49] Android_Mali_T8xx, [0000019D82318500][0000019DF72E0240 49] Android_Mali_G71, [0000019D823A1700][0000019DF72E43C0 49] Android_Mali_G72, [0000019D822BC800][0000019DF72E8540 49] Android_Mali_G72_Vulkan, [0000019D82306A00][0000019DF72EC6C0 49] Android_Mali_G76, [0000019D822BF700][0000019DF72F0840 49] Android_Mali_G76_Vulkan, [0000019D82305800][0000019DF72F49C0 49] Android_Mali_G77, [0000019D822BD000][0000019DF72F8B40 49] Android_Mali_G77_Vulkan, [0000019D82306500][0000019DF72FCCC0 49] Android_Mali_G78, [0000019D822BC500][0000019DF72B8E00 49] Android_Mali_G78_Vulkan, [0000019D82305000][0000019DF7300F40 49] Android_Mali_G710, [0000019D822BF300][0000019DF7305080 49] Android_Mali_G710_Vulkan, [0000019D823A0100][0000019DF73091C0 49] Android_Vulkan_SM5, [0000019D822BEC00][0000019DF7311340 49] Android_PowerVR_G6xxx, [0000019D823A0300][0000019DF73154C0 49] Android_PowerVR_GT7xxx, [0000019D822BD500][0000019DF7319640 49] Android_PowerVR_GE8xxx, [0000019D823A0600][0000019DF731D7C0 49] Android_PowerVR_GM9xxx, [0000019D822BE600][0000019DF7321940 49] Android_PowerVR_GM9xxx_Vulkan, [0000019D823A1F00][0000019DF7431AC0 49] Android_TegraK1, [0000019D822BCD00][0000019DF74340C0 49] Android_Unknown_Vulkan, [0000019D823A2200][0000019DF7438240 49] Lumin, [0000019D822BFC00][0000019DF743C3C0 49] Lumin_Desktop, [0000019D823A1500][0000019DF7440540 49] HoloLens, 
[2025.03.21-05.31.02:607][  0]LogMeshReduction: Using QuadricMeshReduction for automatic static mesh reduction
[2025.03.21-05.31.02:607][  0]LogMeshReduction: Using SimplygonMeshReduction for automatic skeletal mesh reduction
[2025.03.21-05.31.02:607][  0]LogMeshReduction: Using ProxyLODMeshReduction for automatic mesh merging
[2025.03.21-05.31.02:607][  0]LogMeshReduction: No distributed automatic mesh merging module available
[2025.03.21-05.31.02:607][  0]LogMeshMerging: No distributed automatic mesh merging module available
[2025.03.21-05.31.02:620][  0]LogNetVersion: demo2 1.0.0, NetCL: 17155196, EngineNetVer: 17, GameNetVer: 0 (Checksum: 726580910)
[2025.03.21-05.31.02:964][  0]LogTexture: Default maximum texture size for cubemaps generated from long-lat sources has been changed from 512 to unlimited. In order to preserve old behaiour for '/Engine/MapTemplates/Sky/DaylightAmbientCubemap.DaylightAmbientCubemap', its maximum texture size has been explicitly set to 512.
[2025.03.21-05.31.03:013][  0]LogHMD: PokeAHoleMaterial loaded successfully
[2025.03.21-05.31.03:018][  0]LogUObjectArray: 17178 objects as part of root set at end of initial load.
[2025.03.21-05.31.03:018][  0]LogUObjectAllocator: 4302048 out of 0 bytes used by permanent object pool.
[2025.03.21-05.31.03:018][  0]LogUObjectArray: CloseDisregardForGC: 0/0 objects in disregard for GC pool
[2025.03.21-05.31.03:160][  0]LogNiagaraDebuggerClient: Niagara Debugger Client Initialized | Session: 7C0EE4934E192E3E388ADF9DD381739F | Instance: 2056E488440FC5F559DCA78D7C8219D7 (一介白衣-27936).
[2025.03.21-05.31.03:258][  0]LogTcpMessaging: Initializing TcpMessaging bridge
[2025.03.21-05.31.03:265][  0]LogUdpMessaging: Initializing bridge on interface 0.0.0.0:0 to multicast group 230.0.0.1:6666.
[2025.03.21-05.31.03:396][  0]LogPython: Using Python 3.7.7
[2025.03.21-05.31.03:918][  0]SourceControl: Source control is disabled
[2025.03.21-05.31.03:918][  0]SourceControl: Source control is disabled
[2025.03.21-05.31.03:921][  0]SourceControl: Source control is disabled
[2025.03.21-05.31.03:927][  0]SourceControl: Source control is disabled
[2025.03.21-05.31.03:934][  0]SourceControl: Source control is disabled
[2025.03.21-05.31.03:940][  0]LogUProjectInfo: Found projects:
[2025.03.21-05.31.03:990][  0]LogAndroidPermission: UAndroidPermissionCallbackProxy::GetInstance
[2025.03.21-05.31.04:010][  0]LogAudioCaptureCore: Display: No Audio Capture implementations found. Audio input will be silent.
[2025.03.21-05.31.04:010][  0]LogAudioCaptureCore: Display: No Audio Capture implementations found. Audio input will be silent.
[2025.03.21-05.31.04:257][  0]LogOpenImageDenoise: OIDN starting up
[2025.03.21-05.31.04:283][  0]LogOcInput: OculusInput pre-init called
[2025.03.21-05.31.04:482][  0]LogCollectionManager: Loaded 0 collections in 0.000582 seconds
[2025.03.21-05.31.04:537][  0]LogFileCache: Scanning file cache for directory 'D:/project/UE/room_escape/Saved/Collections/' took 0.00s
[2025.03.21-05.31.04:537][  0]LogFileCache: Scanning file cache for directory 'D:/project/UE/room_escape/Content/Developers/yjby/Collections/' took 0.00s
[2025.03.21-05.31.04:537][  0]LogFileCache: Scanning file cache for directory 'D:/project/UE/room_escape/Content/Collections/' took 0.00s
[2025.03.21-05.31.04:537][  0]LogEngine: Initializing Engine...
[2025.03.21-05.31.04:595][  0]LogHMD: Failed to enumerate extensions. Please check that you have a valid OpenXR runtime installed.
[2025.03.21-05.31.04:595][  0]LogHMD: Failed to initialize OpenVR with code 110
[2025.03.21-05.31.04:595][  0]LogMagicLeap: Warning: VR disabled because ZI is not enabled.  To enable, in the editor, Edit -> Project Settings -> Plugins -> Magic Leap Plugin -> Enable Zero Iteration
[2025.03.21-05.31.04:596][  0]LogStats: UGameplayTagsManager::InitializeManager -  0.000 s
[2025.03.21-05.31.04:703][  0]LogInit: Initializing FReadOnlyCVARCache
[2025.03.21-05.31.04:711][  0]LogAIModule: Creating AISystem for world Untitled
[2025.03.21-05.31.04:715][  0]LogAudio: Display: Initializing Audio Device Manager...
[2025.03.21-05.31.04:719][  0]LogAudio: Display: Loading Default Audio Settings Objects...
[2025.03.21-05.31.04:720][  0]LogAudio: Display: No default SoundConcurrencyObject specified (or failed to load).
[2025.03.21-05.31.04:720][  0]LogAudio: Display: Audio Device Manager Initialized
[2025.03.21-05.31.04:720][  0]LogAudio: Display: Creating Audio Device:                 Id: 1, Scope: Shared, Realtime: True
[2025.03.21-05.31.04:721][  0]LogAudioMixer: Display: Audio Mixer Platform Settings:
[2025.03.21-05.31.04:721][  0]LogAudioMixer: Display: 	Sample Rate:						  48000
[2025.03.21-05.31.04:721][  0]LogAudioMixer: Display: 	Callback Buffer Frame Size Requested: 1024
[2025.03.21-05.31.04:721][  0]LogAudioMixer: Display: 	Callback Buffer Frame Size To Use:	  1024
[2025.03.21-05.31.04:721][  0]LogAudioMixer: Display: 	Number of buffers to queue:			  2
[2025.03.21-05.31.04:721][  0]LogAudioMixer: Display: 	Max Channels (voices):				  32
[2025.03.21-05.31.04:721][  0]LogAudioMixer: Display: 	Number of Async Source Workers:		  0
[2025.03.21-05.31.04:721][  0]LogAudio: Display: AudioDevice MaxSources: 32
[2025.03.21-05.31.04:721][  0]LogAudio: Display: Audio Spatialization Plugin: None (built-in).
[2025.03.21-05.31.04:721][  0]LogAudio: Display: Audio Reverb Plugin: None (built-in).
[2025.03.21-05.31.04:721][  0]LogAudio: Display: Audio Occlusion Plugin: None (built-in).
[2025.03.21-05.31.04:721][  0]LogAudioMixer: Display: Initializing audio mixer.
[2025.03.21-05.31.04:732][  0]LogAudioMixer: Display: 0: FrontLeft
[2025.03.21-05.31.04:732][  0]LogAudioMixer: Display: 1: FrontRight
[2025.03.21-05.31.04:843][  0]LogAudioMixer: Display: Using Audio Device 扬声器 (适用于 I2S 音频的英特尔® 智音技术)
[2025.03.21-05.31.04:846][  0]LogAudioMixer: Display: Initializing Sound Submixes...
[2025.03.21-05.31.04:848][  0]LogAudioMixer: Display: Creating Master Submix 'MasterSubmixDefault'
[2025.03.21-05.31.04:848][  0]LogAudioMixer: Display: Creating Master Submix 'MasterReverbSubmixDefault'
[2025.03.21-05.31.04:849][  0]LogAudioMixer: Display: Creating Master Submix 'MasterEQSubmixDefault'
[2025.03.21-05.31.04:849][  0]LogAudioMixer: FMixerPlatformXAudio2::StartAudioStream() called
[2025.03.21-05.31.04:849][  0]LogAudioMixer: Display: Output buffers initialized: Frames=1024, Channels=2, Samples=2048
[2025.03.21-05.31.04:850][  0]LogAudioMixer: Display: Starting AudioMixerPlatformInterface::RunInternal()
[2025.03.21-05.31.04:850][  0]LogAudioMixer: Display: FMixerPlatformXAudio2::SubmitBuffer() called for the first time
[2025.03.21-05.31.04:850][  0]LogInit: FAudioDevice initialized.
[2025.03.21-05.31.04:850][  0]LogAudio: Display: Audio Device (ID: 1) registered with world 'Untitled'.
[2025.03.21-05.31.04:850][  0]LogNetVersion: Set ProjectVersion to 1.0.0.0. Version Checksum will be recalculated on next use.
[2025.03.21-05.31.04:900][  0]LogDerivedDataCache: Saved boot cache 0.05s 94MB C:/Users/yjby/AppData/Local/UnrealEngine/4.27/DerivedDataCache/Boot.ddc.
[2025.03.21-05.31.04:902][  0]LogInit: Texture streaming: Enabled
[2025.03.21-05.31.04:915][  0]LogAnalytics: Display: [UEEditor.Rocket.Release] APIServer = https://datarouter.ol.epicgames.com/. AppVersion = 4.27.2-18319896+++UE4+Release-4.27
[2025.03.21-05.31.04:919][  0]LogEngineSessionManager: EngineSessionManager initialized
[2025.03.21-05.31.04:919][  0]LogEditorSessionSummary: Verbose: Initializing EditorSessionSummaryWriter for editor session tracking
[2025.03.21-05.31.04:921][  0]LogEditorSessionSummary: EditorSessionSummaryWriter initialized
[2025.03.21-05.31.04:944][  0]LogInit: Transaction tracking system initialized
[2025.03.21-05.31.04:966][  0]BlueprintLog: New page: Editor Load
[2025.03.21-05.31.05:026][  0]LocalizationService: Localization service is disabled
[2025.03.21-05.31.05:047][  0]TimingProfiler: Initialize
[2025.03.21-05.31.05:047][  0]TimingProfiler: OnSessionChanged
[2025.03.21-05.31.05:047][  0]LoadingProfiler: Initialize
[2025.03.21-05.31.05:047][  0]LoadingProfiler: OnSessionChanged
[2025.03.21-05.31.05:047][  0]NetworkingProfiler: Initialize
[2025.03.21-05.31.05:047][  0]NetworkingProfiler: OnSessionChanged
[2025.03.21-05.31.05:047][  0]MemoryProfiler: Initialize
[2025.03.21-05.31.05:047][  0]MemoryProfiler: OnSessionChanged
[2025.03.21-05.31.05:189][  0]LogCook: Display: CookSettings for Memory: MemoryMaxUsedVirtual 0MiB, MemoryMaxUsedPhysical 16384MiB, MemoryMinFreeVirtual 0MiB, MemoryMinFreePhysical 1024MiB
[2025.03.21-05.31.05:189][  0]LogCook: Display: Mobile HDR setting 1
[2025.03.21-05.31.05:369][  0]LogFileCache: Scanning file cache for directory 'D:/project/UE/room_escape/Content/' took 0.00s
[2025.03.21-05.31.05:555][  0]LogInit: Display: Engine is initialized. Leaving FEngineLoop::Init()
[2025.03.21-05.31.05:558][  0]SourceControl: Source control is disabled
[2025.03.21-05.31.05:558][  0]LogUnrealEdMisc: Loading editor; pre map load, took 6.523
[2025.03.21-05.31.05:558][  0]Cmd: MAP LOAD FILE="../../../../../../project/UE/room_escape/Content/ThirdPersonBP/Maps/ThirdPersonExampleMap.umap" TEMPLATE=0 SHOWPROGRESS=1 FEATURELEVEL=3
[2025.03.21-05.31.05:559][  0]LightingResults: New page: Lighting Build
[2025.03.21-05.31.05:559][  0]LogWorld: UWorld::CleanupWorld for Untitled, bSessionEnded=true, bCleanupResources=true
[2025.03.21-05.31.05:560][  0]LogSlate: InvalidateAllWidgets triggered.  All widgets were invalidated
[2025.03.21-05.31.05:560][  0]MapCheck: New page: Map Check
[2025.03.21-05.31.05:560][  0]LightingResults: New page: Lighting Build
[2025.03.21-05.31.05:564][  0]LogAudio: Display: Audio Device unregistered from world 'None'.
[2025.03.21-05.31.05:565][  0]LogUObjectHash: Compacting FUObjectHashTables data took   0.64ms
[2025.03.21-05.31.06:017][  0]LogAudio: Display: Audio Device (ID: 1) registered with world 'ThirdPersonExampleMap'.
[2025.03.21-05.31.06:018][  0]LogAIModule: Creating AISystem for world ThirdPersonExampleMap
[2025.03.21-05.31.06:029][  0]LogEditorServer: Finished looking for orphan Actors (0.000 secs)
[2025.03.21-05.31.06:037][  0]LogUObjectHash: Compacting FUObjectHashTables data took   0.70ms
[2025.03.21-05.31.06:038][  0]Cmd: MAP CHECKDEP NOCLEARLOG
[2025.03.21-05.31.06:038][  0]MapCheck: Map check complete: 0 Error(s), 0 Warning(s), took 0.104ms to complete.
[2025.03.21-05.31.06:038][  0]LogFileHelpers: Loading map 'ThirdPersonExampleMap' took 0.480
[2025.03.21-05.31.06:040][  0]LogUnrealEdMisc: Total Editor Startup Time, took 7.005
[2025.03.21-05.31.06:200][  0]LogSlate: Updating window title bar state: overlay mode, drag disabled, window buttons hidden, title bar hidden
[2025.03.21-05.31.06:206][  0]LogSlate: Updating window title bar state: overlay mode, drag disabled, window buttons hidden, title bar hidden
[2025.03.21-05.31.06:211][  0]LogSlate: Updating window title bar state: overlay mode, drag disabled, window buttons hidden, title bar hidden
[2025.03.21-05.31.06:216][  0]LogSlate: Updating window title bar state: overlay mode, drag disabled, window buttons hidden, title bar hidden
[2025.03.21-05.31.06:242][  0]LogNativeClassHierarchy: Verbose: Native class hierarchy populated in 0.0103 seconds. Added 3822 classes and 928 folders.
[2025.03.21-05.31.06:247][  0]LogNativeClassHierarchy: Verbose: Native class hierarchy updated for 'WidgetCarousel' in 0.0002 seconds. Added 0 classes and 0 folders.
[2025.03.21-05.31.06:269][  0]LogPakFile: PakFile PrimaryIndexSize=187
[2025.03.21-05.31.06:269][  0]LogPakFile: PakFile PathHashIndexSize=101
[2025.03.21-05.31.06:269][  0]LogPakFile: PakFile FullDirectoryIndexSize=148
[2025.03.21-05.31.06:269][  0]LogShaderLibrary: Display: ShaderCodeLibraryPakFileMountedCallback: PakFile 'D:/Program Files/Epic Games/UE_4.27/FeaturePacks/FP_FirstPerson.upack' (chunk index -1, root 'root:/') mounted
[2025.03.21-05.31.06:269][  0]LogShaderLibrary: Display: ShaderCodeLibraryPakFileMountedCallback: pending pak file info (ChunkID:-1 Root:root:/ File:D:/Program Files/Epic Games/UE_4.27/FeaturePacks/FP_FirstPerson.upack)
[2025.03.21-05.31.06:269][  0]LogPakFile: OnPakFileMounted2Time == 0.000315
[2025.03.21-05.31.06:281][  0]LogPakFile: PakFile PrimaryIndexSize=189
[2025.03.21-05.31.06:281][  0]LogPakFile: PakFile PathHashIndexSize=101
[2025.03.21-05.31.06:281][  0]LogPakFile: PakFile FullDirectoryIndexSize=152
[2025.03.21-05.31.06:281][  0]LogShaderLibrary: Display: ShaderCodeLibraryPakFileMountedCallback: PakFile 'D:/Program Files/Epic Games/UE_4.27/FeaturePacks/FP_FirstPersonBP.upack' (chunk index -1, root 'root:/') mounted
[2025.03.21-05.31.06:281][  0]LogShaderLibrary: Display: ShaderCodeLibraryPakFileMountedCallback: pending pak file info (ChunkID:-1 Root:root:/ File:D:/Program Files/Epic Games/UE_4.27/FeaturePacks/FP_FirstPersonBP.upack)
[2025.03.21-05.31.06:281][  0]LogPakFile: OnPakFileMounted2Time == 0.000043
[2025.03.21-05.31.06:288][  0]LogPakFile: PakFile PrimaryIndexSize=191
[2025.03.21-05.31.06:288][  0]LogPakFile: PakFile PathHashIndexSize=101
[2025.03.21-05.31.06:288][  0]LogPakFile: PakFile FullDirectoryIndexSize=160
[2025.03.21-05.31.06:289][  0]LogShaderLibrary: Display: ShaderCodeLibraryPakFileMountedCallback: PakFile 'D:/Program Files/Epic Games/UE_4.27/FeaturePacks/MobileStarterContent.upack' (chunk index -1, root 'root:/') mounted
[2025.03.21-05.31.06:289][  0]LogShaderLibrary: Display: ShaderCodeLibraryPakFileMountedCallback: pending pak file info (ChunkID:-1 Root:root:/ File:D:/Program Files/Epic Games/UE_4.27/FeaturePacks/MobileStarterContent.upack)
[2025.03.21-05.31.06:289][  0]LogPakFile: OnPakFileMounted2Time == 0.000042
[2025.03.21-05.31.06:298][  0]LogPakFile: PakFile PrimaryIndexSize=185
[2025.03.21-05.31.06:298][  0]LogPakFile: PakFile PathHashIndexSize=101
[2025.03.21-05.31.06:298][  0]LogPakFile: PakFile FullDirectoryIndexSize=148
[2025.03.21-05.31.06:298][  0]LogShaderLibrary: Display: ShaderCodeLibraryPakFileMountedCallback: PakFile 'D:/Program Files/Epic Games/UE_4.27/FeaturePacks/StarterContent.upack' (chunk index -1, root 'root:/') mounted
[2025.03.21-05.31.06:298][  0]LogShaderLibrary: Display: ShaderCodeLibraryPakFileMountedCallback: pending pak file info (ChunkID:-1 Root:root:/ File:D:/Program Files/Epic Games/UE_4.27/FeaturePacks/StarterContent.upack)
[2025.03.21-05.31.06:298][  0]LogPakFile: OnPakFileMounted2Time == 0.000064
[2025.03.21-05.31.06:306][  0]LogPakFile: PakFile PrimaryIndexSize=190
[2025.03.21-05.31.06:306][  0]LogPakFile: PakFile PathHashIndexSize=101
[2025.03.21-05.31.06:306][  0]LogPakFile: PakFile FullDirectoryIndexSize=154
[2025.03.21-05.31.06:306][  0]LogShaderLibrary: Display: ShaderCodeLibraryPakFileMountedCallback: PakFile 'D:/Program Files/Epic Games/UE_4.27/FeaturePacks/TP_2DSideScroller.upack' (chunk index -1, root 'root:/') mounted
[2025.03.21-05.31.06:306][  0]LogShaderLibrary: Display: ShaderCodeLibraryPakFileMountedCallback: pending pak file info (ChunkID:-1 Root:root:/ File:D:/Program Files/Epic Games/UE_4.27/FeaturePacks/TP_2DSideScroller.upack)
[2025.03.21-05.31.06:306][  0]LogPakFile: OnPakFileMounted2Time == 0.000039
[2025.03.21-05.31.06:315][  0]LogPakFile: PakFile PrimaryIndexSize=192
[2025.03.21-05.31.06:315][  0]LogPakFile: PakFile PathHashIndexSize=101
[2025.03.21-05.31.06:315][  0]LogPakFile: PakFile FullDirectoryIndexSize=158
[2025.03.21-05.31.06:315][  0]LogShaderLibrary: Display: ShaderCodeLibraryPakFileMountedCallback: PakFile 'D:/Program Files/Epic Games/UE_4.27/FeaturePacks/TP_2DSideScrollerBP.upack' (chunk index -1, root 'root:/') mounted
[2025.03.21-05.31.06:315][  0]LogShaderLibrary: Display: ShaderCodeLibraryPakFileMountedCallback: pending pak file info (ChunkID:-1 Root:root:/ File:D:/Program Files/Epic Games/UE_4.27/FeaturePacks/TP_2DSideScrollerBP.upack)
[2025.03.21-05.31.06:315][  0]LogPakFile: OnPakFileMounted2Time == 0.000039
[2025.03.21-05.31.06:324][  0]LogPakFile: PakFile PrimaryIndexSize=182
[2025.03.21-05.31.06:324][  0]LogPakFile: PakFile PathHashIndexSize=101
[2025.03.21-05.31.06:324][  0]LogPakFile: PakFile FullDirectoryIndexSize=138
[2025.03.21-05.31.06:324][  0]LogShaderLibrary: Display: ShaderCodeLibraryPakFileMountedCallback: PakFile 'D:/Program Files/Epic Games/UE_4.27/FeaturePacks/TP_Flying.upack' (chunk index -1, root 'root:/') mounted
[2025.03.21-05.31.06:324][  0]LogShaderLibrary: Display: ShaderCodeLibraryPakFileMountedCallback: pending pak file info (ChunkID:-1 Root:root:/ File:D:/Program Files/Epic Games/UE_4.27/FeaturePacks/TP_Flying.upack)
[2025.03.21-05.31.06:324][  0]LogPakFile: OnPakFileMounted2Time == 0.000036
[2025.03.21-05.31.06:334][  0]LogPakFile: PakFile PrimaryIndexSize=184
[2025.03.21-05.31.06:334][  0]LogPakFile: PakFile PathHashIndexSize=101
[2025.03.21-05.31.06:334][  0]LogPakFile: PakFile FullDirectoryIndexSize=142
[2025.03.21-05.31.06:334][  0]LogShaderLibrary: Display: ShaderCodeLibraryPakFileMountedCallback: PakFile 'D:/Program Files/Epic Games/UE_4.27/FeaturePacks/TP_FlyingBP.upack' (chunk index -1, root 'root:/') mounted
[2025.03.21-05.31.06:334][  0]LogShaderLibrary: Display: ShaderCodeLibraryPakFileMountedCallback: pending pak file info (ChunkID:-1 Root:root:/ File:D:/Program Files/Epic Games/UE_4.27/FeaturePacks/TP_FlyingBP.upack)
[2025.03.21-05.31.06:334][  0]LogPakFile: OnPakFileMounted2Time == 0.000039
[2025.03.21-05.31.06:342][  0]LogPakFile: PakFile PrimaryIndexSize=188
[2025.03.21-05.31.06:342][  0]LogPakFile: PakFile PathHashIndexSize=101
[2025.03.21-05.31.06:342][  0]LogPakFile: PakFile FullDirectoryIndexSize=150
[2025.03.21-05.31.06:342][  0]LogShaderLibrary: Display: ShaderCodeLibraryPakFileMountedCallback: PakFile 'D:/Program Files/Epic Games/UE_4.27/FeaturePacks/TP_HandheldARBP.upack' (chunk index -1, root 'root:/') mounted
[2025.03.21-05.31.06:342][  0]LogShaderLibrary: Display: ShaderCodeLibraryPakFileMountedCallback: pending pak file info (ChunkID:-1 Root:root:/ File:D:/Program Files/Epic Games/UE_4.27/FeaturePacks/TP_HandheldARBP.upack)
[2025.03.21-05.31.06:342][  0]LogPakFile: OnPakFileMounted2Time == 0.000040
[2025.03.21-05.31.06:352][  0]LogPakFile: PakFile PrimaryIndexSize=182
[2025.03.21-05.31.06:352][  0]LogPakFile: PakFile PathHashIndexSize=101
[2025.03.21-05.31.06:352][  0]LogPakFile: PakFile FullDirectoryIndexSize=138
[2025.03.21-05.31.06:352][  0]LogShaderLibrary: Display: ShaderCodeLibraryPakFileMountedCallback: PakFile 'D:/Program Files/Epic Games/UE_4.27/FeaturePacks/TP_Puzzle.upack' (chunk index -1, root 'root:/') mounted
[2025.03.21-05.31.06:352][  0]LogShaderLibrary: Display: ShaderCodeLibraryPakFileMountedCallback: pending pak file info (ChunkID:-1 Root:root:/ File:D:/Program Files/Epic Games/UE_4.27/FeaturePacks/TP_Puzzle.upack)
[2025.03.21-05.31.06:352][  0]LogPakFile: OnPakFileMounted2Time == 0.000062
[2025.03.21-05.31.06:359][  0]LogPakFile: PakFile PrimaryIndexSize=184
[2025.03.21-05.31.06:359][  0]LogPakFile: PakFile PathHashIndexSize=101
[2025.03.21-05.31.06:359][  0]LogPakFile: PakFile FullDirectoryIndexSize=142
[2025.03.21-05.31.06:359][  0]LogShaderLibrary: Display: ShaderCodeLibraryPakFileMountedCallback: PakFile 'D:/Program Files/Epic Games/UE_4.27/FeaturePacks/TP_PuzzleBP.upack' (chunk index -1, root 'root:/') mounted
[2025.03.21-05.31.06:359][  0]LogShaderLibrary: Display: ShaderCodeLibraryPakFileMountedCallback: pending pak file info (ChunkID:-1 Root:root:/ File:D:/Program Files/Epic Games/UE_4.27/FeaturePacks/TP_PuzzleBP.upack)
[2025.03.21-05.31.06:359][  0]LogPakFile: OnPakFileMounted2Time == 0.000037
[2025.03.21-05.31.06:367][  0]LogPakFile: PakFile PrimaryIndexSize=183
[2025.03.21-05.31.06:367][  0]LogPakFile: PakFile PathHashIndexSize=101
[2025.03.21-05.31.06:367][  0]LogPakFile: PakFile FullDirectoryIndexSize=140
[2025.03.21-05.31.06:367][  0]LogShaderLibrary: Display: ShaderCodeLibraryPakFileMountedCallback: PakFile 'D:/Program Files/Epic Games/UE_4.27/FeaturePacks/TP_Rolling.upack' (chunk index -1, root 'root:/') mounted
[2025.03.21-05.31.06:367][  0]LogShaderLibrary: Display: ShaderCodeLibraryPakFileMountedCallback: pending pak file info (ChunkID:-1 Root:root:/ File:D:/Program Files/Epic Games/UE_4.27/FeaturePacks/TP_Rolling.upack)
[2025.03.21-05.31.06:367][  0]LogPakFile: OnPakFileMounted2Time == 0.000037
[2025.03.21-05.31.06:375][  0]LogPakFile: PakFile PrimaryIndexSize=185
[2025.03.21-05.31.06:375][  0]LogPakFile: PakFile PathHashIndexSize=101
[2025.03.21-05.31.06:375][  0]LogPakFile: PakFile FullDirectoryIndexSize=144
[2025.03.21-05.31.06:375][  0]LogShaderLibrary: Display: ShaderCodeLibraryPakFileMountedCallback: PakFile 'D:/Program Files/Epic Games/UE_4.27/FeaturePacks/TP_RollingBP.upack' (chunk index -1, root 'root:/') mounted
[2025.03.21-05.31.06:375][  0]LogShaderLibrary: Display: ShaderCodeLibraryPakFileMountedCallback: pending pak file info (ChunkID:-1 Root:root:/ File:D:/Program Files/Epic Games/UE_4.27/FeaturePacks/TP_RollingBP.upack)
[2025.03.21-05.31.06:375][  0]LogPakFile: OnPakFileMounted2Time == 0.000037
[2025.03.21-05.31.06:382][  0]LogPakFile: PakFile PrimaryIndexSize=188
[2025.03.21-05.31.06:382][  0]LogPakFile: PakFile PathHashIndexSize=101
[2025.03.21-05.31.06:382][  0]LogPakFile: PakFile FullDirectoryIndexSize=150
[2025.03.21-05.31.06:382][  0]LogShaderLibrary: Display: ShaderCodeLibraryPakFileMountedCallback: PakFile 'D:/Program Files/Epic Games/UE_4.27/FeaturePacks/TP_SideScroller.upack' (chunk index -1, root 'root:/') mounted
[2025.03.21-05.31.06:382][  0]LogShaderLibrary: Display: ShaderCodeLibraryPakFileMountedCallback: pending pak file info (ChunkID:-1 Root:root:/ File:D:/Program Files/Epic Games/UE_4.27/FeaturePacks/TP_SideScroller.upack)
[2025.03.21-05.31.06:382][  0]LogPakFile: OnPakFileMounted2Time == 0.000031
[2025.03.21-05.31.06:389][  0]LogPakFile: PakFile PrimaryIndexSize=190
[2025.03.21-05.31.06:389][  0]LogPakFile: PakFile PathHashIndexSize=101
[2025.03.21-05.31.06:389][  0]LogPakFile: PakFile FullDirectoryIndexSize=154
[2025.03.21-05.31.06:389][  0]LogShaderLibrary: Display: ShaderCodeLibraryPakFileMountedCallback: PakFile 'D:/Program Files/Epic Games/UE_4.27/FeaturePacks/TP_SideScrollerBP.upack' (chunk index -1, root 'root:/') mounted
[2025.03.21-05.31.06:389][  0]LogShaderLibrary: Display: ShaderCodeLibraryPakFileMountedCallback: pending pak file info (ChunkID:-1 Root:root:/ File:D:/Program Files/Epic Games/UE_4.27/FeaturePacks/TP_SideScrollerBP.upack)
[2025.03.21-05.31.06:389][  0]LogPakFile: OnPakFileMounted2Time == 0.000039
[2025.03.21-05.31.06:397][  0]LogPakFile: PakFile PrimaryIndexSize=187
[2025.03.21-05.31.06:397][  0]LogPakFile: PakFile PathHashIndexSize=101
[2025.03.21-05.31.06:397][  0]LogPakFile: PakFile FullDirectoryIndexSize=148
[2025.03.21-05.31.06:397][  0]LogShaderLibrary: Display: ShaderCodeLibraryPakFileMountedCallback: PakFile 'D:/Program Files/Epic Games/UE_4.27/FeaturePacks/TP_ThirdPerson.upack' (chunk index -1, root 'root:/') mounted
[2025.03.21-05.31.06:397][  0]LogShaderLibrary: Display: ShaderCodeLibraryPakFileMountedCallback: pending pak file info (ChunkID:-1 Root:root:/ File:D:/Program Files/Epic Games/UE_4.27/FeaturePacks/TP_ThirdPerson.upack)
[2025.03.21-05.31.06:397][  0]LogPakFile: OnPakFileMounted2Time == 0.000031
[2025.03.21-05.31.06:403][  0]LogPakFile: PakFile PrimaryIndexSize=189
[2025.03.21-05.31.06:403][  0]LogPakFile: PakFile PathHashIndexSize=101
[2025.03.21-05.31.06:403][  0]LogPakFile: PakFile FullDirectoryIndexSize=152
[2025.03.21-05.31.06:403][  0]LogShaderLibrary: Display: ShaderCodeLibraryPakFileMountedCallback: PakFile 'D:/Program Files/Epic Games/UE_4.27/FeaturePacks/TP_ThirdPersonBP.upack' (chunk index -1, root 'root:/') mounted
[2025.03.21-05.31.06:403][  0]LogShaderLibrary: Display: ShaderCodeLibraryPakFileMountedCallback: pending pak file info (ChunkID:-1 Root:root:/ File:D:/Program Files/Epic Games/UE_4.27/FeaturePacks/TP_ThirdPersonBP.upack)
[2025.03.21-05.31.06:403][  0]LogPakFile: OnPakFileMounted2Time == 0.000032
[2025.03.21-05.31.06:410][  0]LogPakFile: PakFile PrimaryIndexSize=183
[2025.03.21-05.31.06:410][  0]LogPakFile: PakFile PathHashIndexSize=101
[2025.03.21-05.31.06:410][  0]LogPakFile: PakFile FullDirectoryIndexSize=140
[2025.03.21-05.31.06:410][  0]LogShaderLibrary: Display: ShaderCodeLibraryPakFileMountedCallback: PakFile 'D:/Program Files/Epic Games/UE_4.27/FeaturePacks/TP_TopDown.upack' (chunk index -1, root 'root:/') mounted
[2025.03.21-05.31.06:410][  0]LogShaderLibrary: Display: ShaderCodeLibraryPakFileMountedCallback: pending pak file info (ChunkID:-1 Root:root:/ File:D:/Program Files/Epic Games/UE_4.27/FeaturePacks/TP_TopDown.upack)
[2025.03.21-05.31.06:410][  0]LogPakFile: OnPakFileMounted2Time == 0.000041
[2025.03.21-05.31.06:417][  0]LogPakFile: PakFile PrimaryIndexSize=185
[2025.03.21-05.31.06:417][  0]LogPakFile: PakFile PathHashIndexSize=101
[2025.03.21-05.31.06:417][  0]LogPakFile: PakFile FullDirectoryIndexSize=144
[2025.03.21-05.31.06:417][  0]LogShaderLibrary: Display: ShaderCodeLibraryPakFileMountedCallback: PakFile 'D:/Program Files/Epic Games/UE_4.27/FeaturePacks/TP_TopDownBP.upack' (chunk index -1, root 'root:/') mounted
[2025.03.21-05.31.06:417][  0]LogShaderLibrary: Display: ShaderCodeLibraryPakFileMountedCallback: pending pak file info (ChunkID:-1 Root:root:/ File:D:/Program Files/Epic Games/UE_4.27/FeaturePacks/TP_TopDownBP.upack)
[2025.03.21-05.31.06:417][  0]LogPakFile: OnPakFileMounted2Time == 0.000033
[2025.03.21-05.31.06:428][  0]LogPakFile: PakFile PrimaryIndexSize=185
[2025.03.21-05.31.06:428][  0]LogPakFile: PakFile PathHashIndexSize=101
[2025.03.21-05.31.06:428][  0]LogPakFile: PakFile FullDirectoryIndexSize=144
[2025.03.21-05.31.06:428][  0]LogShaderLibrary: Display: ShaderCodeLibraryPakFileMountedCallback: PakFile 'D:/Program Files/Epic Games/UE_4.27/FeaturePacks/TP_TwinStick.upack' (chunk index -1, root 'root:/') mounted
[2025.03.21-05.31.06:428][  0]LogShaderLibrary: Display: ShaderCodeLibraryPakFileMountedCallback: pending pak file info (ChunkID:-1 Root:root:/ File:D:/Program Files/Epic Games/UE_4.27/FeaturePacks/TP_TwinStick.upack)
[2025.03.21-05.31.06:428][  0]LogPakFile: OnPakFileMounted2Time == 0.000050
[2025.03.21-05.31.06:434][  0]LogPakFile: PakFile PrimaryIndexSize=187
[2025.03.21-05.31.06:434][  0]LogPakFile: PakFile PathHashIndexSize=101
[2025.03.21-05.31.06:434][  0]LogPakFile: PakFile FullDirectoryIndexSize=148
[2025.03.21-05.31.06:434][  0]LogShaderLibrary: Display: ShaderCodeLibraryPakFileMountedCallback: PakFile 'D:/Program Files/Epic Games/UE_4.27/FeaturePacks/TP_TwinStickBP.upack' (chunk index -1, root 'root:/') mounted
[2025.03.21-05.31.06:434][  0]LogShaderLibrary: Display: ShaderCodeLibraryPakFileMountedCallback: pending pak file info (ChunkID:-1 Root:root:/ File:D:/Program Files/Epic Games/UE_4.27/FeaturePacks/TP_TwinStickBP.upack)
[2025.03.21-05.31.06:434][  0]LogPakFile: OnPakFileMounted2Time == 0.000034
[2025.03.21-05.31.06:441][  0]LogPakFile: PakFile PrimaryIndexSize=183
[2025.03.21-05.31.06:441][  0]LogPakFile: PakFile PathHashIndexSize=101
[2025.03.21-05.31.06:441][  0]LogPakFile: PakFile FullDirectoryIndexSize=140
[2025.03.21-05.31.06:441][  0]LogShaderLibrary: Display: ShaderCodeLibraryPakFileMountedCallback: PakFile 'D:/Program Files/Epic Games/UE_4.27/FeaturePacks/TP_Vehicle.upack' (chunk index -1, root 'root:/') mounted
[2025.03.21-05.31.06:441][  0]LogShaderLibrary: Display: ShaderCodeLibraryPakFileMountedCallback: pending pak file info (ChunkID:-1 Root:root:/ File:D:/Program Files/Epic Games/UE_4.27/FeaturePacks/TP_Vehicle.upack)
[2025.03.21-05.31.06:441][  0]LogPakFile: OnPakFileMounted2Time == 0.000032
[2025.03.21-05.31.06:448][  0]LogPakFile: PakFile PrimaryIndexSize=186
[2025.03.21-05.31.06:448][  0]LogPakFile: PakFile PathHashIndexSize=101
[2025.03.21-05.31.06:448][  0]LogPakFile: PakFile FullDirectoryIndexSize=146
[2025.03.21-05.31.06:448][  0]LogShaderLibrary: Display: ShaderCodeLibraryPakFileMountedCallback: PakFile 'D:/Program Files/Epic Games/UE_4.27/FeaturePacks/TP_VehicleAdv.upack' (chunk index -1, root 'root:/') mounted
[2025.03.21-05.31.06:448][  0]LogShaderLibrary: Display: ShaderCodeLibraryPakFileMountedCallback: pending pak file info (ChunkID:-1 Root:root:/ File:D:/Program Files/Epic Games/UE_4.27/FeaturePacks/TP_VehicleAdv.upack)
[2025.03.21-05.31.06:448][  0]LogPakFile: OnPakFileMounted2Time == 0.000043
[2025.03.21-05.31.06:456][  0]LogPakFile: PakFile PrimaryIndexSize=188
[2025.03.21-05.31.06:456][  0]LogPakFile: PakFile PathHashIndexSize=101
[2025.03.21-05.31.06:456][  0]LogPakFile: PakFile FullDirectoryIndexSize=150
[2025.03.21-05.31.06:456][  0]LogShaderLibrary: Display: ShaderCodeLibraryPakFileMountedCallback: PakFile 'D:/Program Files/Epic Games/UE_4.27/FeaturePacks/TP_VehicleAdvBP.upack' (chunk index -1, root 'root:/') mounted
[2025.03.21-05.31.06:456][  0]LogShaderLibrary: Display: ShaderCodeLibraryPakFileMountedCallback: pending pak file info (ChunkID:-1 Root:root:/ File:D:/Program Files/Epic Games/UE_4.27/FeaturePacks/TP_VehicleAdvBP.upack)
[2025.03.21-05.31.06:456][  0]LogPakFile: OnPakFileMounted2Time == 0.000037
[2025.03.21-05.31.06:463][  0]LogPakFile: PakFile PrimaryIndexSize=185
[2025.03.21-05.31.06:463][  0]LogPakFile: PakFile PathHashIndexSize=101
[2025.03.21-05.31.06:463][  0]LogPakFile: PakFile FullDirectoryIndexSize=144
[2025.03.21-05.31.06:463][  0]LogShaderLibrary: Display: ShaderCodeLibraryPakFileMountedCallback: PakFile 'D:/Program Files/Epic Games/UE_4.27/FeaturePacks/TP_VehicleBP.upack' (chunk index -1, root 'root:/') mounted
[2025.03.21-05.31.06:463][  0]LogShaderLibrary: Display: ShaderCodeLibraryPakFileMountedCallback: pending pak file info (ChunkID:-1 Root:root:/ File:D:/Program Files/Epic Games/UE_4.27/FeaturePacks/TP_VehicleBP.upack)
[2025.03.21-05.31.06:463][  0]LogPakFile: OnPakFileMounted2Time == 0.000037
[2025.03.21-05.31.06:471][  0]LogPakFile: PakFile PrimaryIndexSize=192
[2025.03.21-05.31.06:471][  0]LogPakFile: PakFile PathHashIndexSize=101
[2025.03.21-05.31.06:471][  0]LogPakFile: PakFile FullDirectoryIndexSize=158
[2025.03.21-05.31.06:471][  0]LogShaderLibrary: Display: ShaderCodeLibraryPakFileMountedCallback: PakFile 'D:/Program Files/Epic Games/UE_4.27/FeaturePacks/TP_VirtualRealityBP.upack' (chunk index -1, root 'root:/') mounted
[2025.03.21-05.31.06:471][  0]LogShaderLibrary: Display: ShaderCodeLibraryPakFileMountedCallback: pending pak file info (ChunkID:-1 Root:root:/ File:D:/Program Files/Epic Games/UE_4.27/FeaturePacks/TP_VirtualRealityBP.upack)
[2025.03.21-05.31.06:471][  0]LogPakFile: OnPakFileMounted2Time == 0.000036
[2025.03.21-05.31.06:871][  0]LogNativeClassHierarchy: Verbose: Native class hierarchy updated for 'AddContentDialog' in 0.0003 seconds. Added 0 classes and 0 folders.
[2025.03.21-05.31.06:872][  0]LogNativeClassHierarchy: Verbose: Native class hierarchy updated for 'SceneOutliner' in 0.0002 seconds. Added 2 classes and 0 folders.
[2025.03.21-05.31.06:969][  0]LogSlate: Took 0.000332 seconds to synchronously load lazily loaded font '../../../Engine/Content/Slate/Fonts/Roboto-Regular.ttf' (155K)
[2025.03.21-05.31.06:976][  0]LogSlate: Took 0.006934 seconds to synchronously load lazily loaded font '../../../Engine/Content/Editor/Slate/Fonts/FontAwesome.ttf' (139K)
[2025.03.21-05.31.06:977][  0]LogSlate: Took 0.000159 seconds to synchronously load lazily loaded font '../../../Engine/Content/Slate/Fonts/Roboto-Bold.ttf' (160K)
[2025.03.21-05.31.07:117][  0]LogRenderer: Reallocating scene render targets to support 1036x584 Format 10 NumSamples 1 (Frame:1).
[2025.03.21-05.31.07:254][  0]LogNativeClassHierarchy: Verbose: Native class hierarchy updated for 'HierarchicalLODOutliner' in 0.0008 seconds. Added 0 classes and 0 folders.
[2025.03.21-05.31.07:254][  0]LogInput: Warning: Action Jump uses invalid key OculusGo_Left_Trigger_Click.
[2025.03.21-05.31.07:254][  0]LogInput: Warning: Action ResetVR uses invalid key OculusGo_Left_Trackpad_Click.
[2025.03.21-05.31.07:254][  0]LogInput: Warning: Use -RemoveInvalidKeys to remove instances of these keys from the action mapping.
[2025.03.21-05.31.07:254][  0]LogLoad: (Engine Initialization) Total time: 8.22 seconds
[2025.03.21-05.31.07:254][  0]LogLoad: (Engine Initialization) Total Blueprint compile time: 0.00 seconds
[2025.03.21-05.31.07:298][  0]LogAssetRegistry: Asset discovery search completed in 5.0788 seconds
[2025.03.21-05.31.07:302][  0]LogCollectionManager: Fixed up redirectors for 0 collections in 0.000004 seconds (updated 0 objects)
[2025.03.21-05.31.07:303][  0]LogContentStreaming: Texture pool size now 1000 MB
[2025.03.21-05.31.08:351][ 25]LogSlate: Took 0.007331 seconds to synchronously load lazily loaded font '../../../Engine/Content/Slate/Fonts/Roboto-Light.ttf' (167K)
[2025.03.21-05.31.15:111][493]LogTemp: Repeating last play command: Selected Viewport
[2025.03.21-05.31.15:115][493]LogPlayLevel: PlayLevel: No blueprints needed recompiling
[2025.03.21-05.31.15:130][493]PIE: New page: PIE session: ThirdPersonExampleMap (2025年3月21日 下午9:31:15)
[2025.03.21-05.31.15:131][493]LogOnline: OSS: Creating online subsystem instance for: NULL
[2025.03.21-05.31.15:132][493]LogOnline: OSS: TryLoadSubsystemAndSetDefault: Loaded subsystem for module [NULL]
[2025.03.21-05.31.15:132][493]LogPlayLevel: Creating play world package: /Game/ThirdPersonBP/Maps/UEDPIE_0_ThirdPersonExampleMap
[2025.03.21-05.31.15:148][493]LogPlayLevel: PIE: StaticDuplicateObject took: (0.015936s)
[2025.03.21-05.31.15:149][493]LogAIModule: Creating AISystem for world ThirdPersonExampleMap
[2025.03.21-05.31.15:150][493]LogPlayLevel: PIE: World Init took: (0.001270s)
[2025.03.21-05.31.15:150][493]LogPlayLevel: PIE: Created PIE world by copying editor world from /Game/ThirdPersonBP/Maps/ThirdPersonExampleMap.ThirdPersonExampleMap to /Game/ThirdPersonBP/Maps/UEDPIE_0_ThirdPersonExampleMap.ThirdPersonExampleMap (0.017357s)
[2025.03.21-05.31.15:155][493]LogUObjectHash: Compacting FUObjectHashTables data took   1.06ms
[2025.03.21-05.31.15:156][493]LogAudio: Display: Creating Audio Device:                 Id: 2, Scope: Unique, Realtime: True
[2025.03.21-05.31.15:156][493]LogAudioMixer: Display: Audio Mixer Platform Settings:
[2025.03.21-05.31.15:156][493]LogAudioMixer: Display: 	Sample Rate:						  48000
[2025.03.21-05.31.15:156][493]LogAudioMixer: Display: 	Callback Buffer Frame Size Requested: 1024
[2025.03.21-05.31.15:156][493]LogAudioMixer: Display: 	Callback Buffer Frame Size To Use:	  1024
[2025.03.21-05.31.15:156][493]LogAudioMixer: Display: 	Number of buffers to queue:			  2
[2025.03.21-05.31.15:156][493]LogAudioMixer: Display: 	Max Channels (voices):				  32
[2025.03.21-05.31.15:156][493]LogAudioMixer: Display: 	Number of Async Source Workers:		  0
[2025.03.21-05.31.15:156][493]LogAudio: Display: AudioDevice MaxSources: 32
[2025.03.21-05.31.15:156][493]LogAudio: Display: Audio Spatialization Plugin: None (built-in).
[2025.03.21-05.31.15:156][493]LogAudio: Display: Audio Reverb Plugin: None (built-in).
[2025.03.21-05.31.15:156][493]LogAudio: Display: Audio Occlusion Plugin: None (built-in).
[2025.03.21-05.31.15:156][493]LogAudioMixer: Display: Initializing audio mixer.
[2025.03.21-05.31.15:159][493]LogAudioMixer: Display: 0: FrontLeft
[2025.03.21-05.31.15:159][493]LogAudioMixer: Display: 1: FrontRight
[2025.03.21-05.31.15:189][493]LogAudioMixer: Display: Using Audio Device 扬声器 (适用于 I2S 音频的英特尔® 智音技术)
[2025.03.21-05.31.15:189][493]LogAudioMixer: Display: Initializing Sound Submixes...
[2025.03.21-05.31.15:189][493]LogAudioMixer: Display: Creating Master Submix 'MasterSubmixDefault'
[2025.03.21-05.31.15:189][493]LogAudioMixer: Display: Creating Master Submix 'MasterReverbSubmixDefault'
[2025.03.21-05.31.15:190][493]LogAudioMixer: Display: Creating Master Submix 'MasterEQSubmixDefault'
[2025.03.21-05.31.15:190][493]LogAudioMixer: FMixerPlatformXAudio2::StartAudioStream() called
[2025.03.21-05.31.15:190][493]LogAudioMixer: Display: Output buffers initialized: Frames=1024, Channels=2, Samples=2048
[2025.03.21-05.31.15:190][493]LogAudioMixer: Display: Starting AudioMixerPlatformInterface::RunInternal()
[2025.03.21-05.31.15:190][493]LogAudioMixer: Display: FMixerPlatformXAudio2::SubmitBuffer() called for the first time
[2025.03.21-05.31.15:190][493]LogInit: FAudioDevice initialized.
[2025.03.21-05.31.15:191][493]LogAudio: Display: Audio Device (ID: 2) registered with world 'ThirdPersonExampleMap'.
[2025.03.21-05.31.15:201][493]LogLoad: Game class is 'ThirdPersonGameMode_C'
[2025.03.21-05.31.15:205][493]LogWorld: Bringing World /Game/ThirdPersonBP/Maps/UEDPIE_0_ThirdPersonExampleMap.ThirdPersonExampleMap up for play (max tick rate 0) at 2025.03.21-13.31.15
[2025.03.21-05.31.15:205][493]LogWorld: Bringing up level for play took: 0.001561
[2025.03.21-05.31.15:205][493]LogOnline: OSS: Creating online subsystem instance for: :Context_3
[2025.03.21-05.31.15:209][493]LogNativeClassHierarchy: Verbose: Native class hierarchy updated for 'MovieSceneCapture' in 0.0003 seconds. Added 20 classes and 0 folders.
[2025.03.21-05.31.15:209][493]PIE: Server logged in
[2025.03.21-05.31.15:210][493]PIE: Play in editor total start time 0.096 seconds.
[2025.03.21-05.31.28:616][637]Cmd: ce passLevel
[2025.03.21-05.31.30:042][759]Cmd: ce passLevel
[2025.03.21-05.31.30:844][825]Cmd: ce passLevel
[2025.03.21-05.31.35:984][210]Cmd: ce passLevel
[2025.03.21-05.31.36:688][267]Cmd: ce passLevel
[2025.03.21-05.31.38:696][427]Cmd: ce passLevel
[2025.03.21-05.31.41:108][620]Cmd: ce passLevel
[2025.03.21-05.31.44:156][871]Cmd: ce passLevel
[2025.03.21-05.32.12:180][865]LogSlate: Updating window title bar state: overlay mode, drag disabled, window buttons hidden, title bar hidden
[2025.03.21-05.32.12:180][865]LogWorld: BeginTearingDown for /Game/ThirdPersonBP/Maps/UEDPIE_0_ThirdPersonExampleMap
[2025.03.21-05.32.12:180][865]LogWorld: UWorld::CleanupWorld for ThirdPersonExampleMap, bSessionEnded=true, bCleanupResources=true
[2025.03.21-05.32.12:181][865]LogSlate: InvalidateAllWidgets triggered.  All widgets were invalidated
[2025.03.21-05.32.12:190][865]LogPlayLevel: Display: Shutting down PIE online subsystems
[2025.03.21-05.32.12:193][865]LogSlate: InvalidateAllWidgets triggered.  All widgets were invalidated
[2025.03.21-05.32.12:203][865]LogAudio: Display: Audio Device unregistered from world 'None'.
[2025.03.21-05.32.12:203][865]LogAudioMixer: FMixerPlatformXAudio2::StopAudioStream() called
[2025.03.21-05.32.12:205][865]LogAudioMixer: FMixerPlatformXAudio2::StopAudioStream() called
[2025.03.21-05.32.12:211][865]LogSlate: Updating window title bar state: overlay mode, drag disabled, window buttons hidden, title bar hidden
[2025.03.21-05.32.12:213][865]LogUObjectHash: Compacting FUObjectHashTables data took   0.98ms
[2025.03.21-05.32.12:229][866]LogPlayLevel: Display: Destroying online subsystem :Context_3
[2025.03.21-05.32.12:436][878]LogSlate: Took 0.022283 seconds to synchronously load lazily loaded font '../../../Engine/Content/Slate/Fonts/DroidSansFallback.ttf' (3848K)
[2025.03.21-05.32.15:727][ 99]LogEditorViewport: Clicking on Actor (LMB): StaticMeshActor (Wall15)
